TN:
SF:src\app.js
FN:54,(anonymous_0)
FN:56,(anonymous_1)
FN:70,(anonymous_2)
FN:74,(anonymous_3)
FN:121,(anonymous_4)
FNF:5
FNH:4
FNDA:4,(anonymous_0)
FNDA:4,(anonymous_1)
FNDA:3,(anonymous_2)
FNDA:4,(anonymous_3)
FNDA:0,(anonymous_4)
DA:39,1
DA:43,1
DA:46,1
DA:49,1
DA:51,1
DA:54,1
DA:55,4
DA:56,4
DA:57,4
DA:58,4
DA:60,4
DA:64,1
DA:70,3
DA:72,1
DA:75,4
DA:76,4
DA:79,0
DA:81,0
DA:82,0
DA:84,0
DA:86,0
DA:87,0
DA:89,0
DA:109,1
DA:112,1
DA:113,1
DA:114,1
DA:117,1
DA:118,1
DA:119,1
DA:121,1
DA:122,0
DA:130,1
DA:131,1
DA:132,1
DA:133,1
DA:134,1
DA:135,1
DA:136,1
DA:137,1
DA:138,1
DA:139,1
DA:140,1
DA:141,1
DA:142,1
DA:143,1
DA:144,1
DA:146,1
DA:147,1
DA:148,1
DA:149,1
DA:150,1
DA:151,1
DA:152,1
DA:154,1
DA:155,1
LF:56
LH:48
BRDA:75,0,0,4
BRDA:75,0,1,0
BRDA:75,1,0,4
BRDA:75,1,1,0
BRDA:81,2,0,0
BRDA:81,2,1,0
BRDA:86,3,0,0
BRDA:86,3,1,0
BRDA:125,4,0,0
BRDA:125,4,1,0
BRF:10
BRH:2
end_of_record
TN:
SF:src\swagger.js
FNF:0
FNH:0
DA:4,1
DA:31,1
LF:2
LH:2
BRF:0
BRH:0
end_of_record
TN:
SF:src\config\redis.js
FN:7,(anonymous_0)
FN:26,(anonymous_1)
FN:29,(anonymous_2)
FN:49,(anonymous_3)
FN:56,(anonymous_4)
FNF:5
FNH:1
FNDA:1,(anonymous_0)
FNDA:0,(anonymous_1)
FNDA:0,(anonymous_2)
FNDA:0,(anonymous_3)
FNDA:0,(anonymous_4)
DA:4,1
DA:5,1
DA:7,1
DA:8,1
DA:9,1
DA:12,0
DA:13,0
DA:14,0
DA:16,0
DA:19,0
DA:20,0
DA:27,0
DA:30,0
DA:31,0
DA:32,0
DA:34,0
DA:35,0
DA:37,0
DA:41,0
DA:42,0
DA:47,0
DA:49,0
DA:50,0
DA:51,0
DA:52,0
DA:56,0
DA:58,0
DA:59,0
DA:63,0
DA:66,1
DA:67,1
LF:31
LH:7
BRDA:8,0,0,1
BRDA:8,0,1,0
BRDA:12,1,0,0
BRDA:12,1,1,0
BRDA:13,2,0,0
BRDA:13,2,1,0
BRDA:31,3,0,0
BRDA:31,3,1,0
BRDA:34,4,0,0
BRDA:34,4,1,0
BRDA:34,5,0,0
BRDA:34,5,1,0
BRDA:41,6,0,0
BRDA:41,6,1,0
BRDA:50,7,0,0
BRDA:50,7,1,0
BRDA:58,8,0,0
BRDA:58,8,1,0
BRDA:58,9,0,0
BRDA:58,9,1,0
BRDA:66,10,0,1
BRDA:66,10,1,0
BRF:22
BRH:2
end_of_record
TN:
SF:src\middleware\asyncHandler.js
FN:1,(anonymous_0)
FN:1,(anonymous_1)
FNF:2
FNH:1
FNDA:129,(anonymous_0)
FNDA:0,(anonymous_1)
DA:1,129
DA:2,0
LF:2
LH:1
BRF:0
BRH:0
end_of_record
TN:
SF:src\middleware\auth.js
FN:4,(anonymous_0)
FN:33,(anonymous_1)
FN:42,(anonymous_2)
FNF:3
FNH:0
FNDA:0,(anonymous_0)
FNDA:0,(anonymous_1)
FNDA:0,(anonymous_2)
DA:4,1
DA:7,0
DA:8,0
DA:11,0
DA:12,0
DA:15,0
DA:16,0
DA:18,0
DA:20,0
DA:21,0
DA:23,0
DA:24,0
DA:26,0
DA:27,0
DA:29,0
DA:33,1
DA:35,0
DA:36,0
DA:37,0
DA:39,0
DA:42,1
DA:44,0
DA:45,0
DA:47,0
DA:48,0
DA:49,0
DA:50,0
DA:51,0
DA:55,0
DA:58,1
DA:59,1
LF:31
LH:5
BRDA:7,0,0,0
BRDA:7,0,1,0
BRDA:7,1,0,0
BRDA:7,1,1,0
BRDA:11,2,0,0
BRDA:11,2,1,0
BRDA:20,3,0,0
BRDA:20,3,1,0
BRDA:23,4,0,0
BRDA:23,4,1,0
BRDA:36,5,0,0
BRDA:36,5,1,0
BRDA:44,6,0,0
BRDA:44,6,1,0
BRDA:44,7,0,0
BRDA:44,7,1,0
BRDA:47,8,0,0
BRDA:47,8,1,0
BRDA:51,9,0,0
BRDA:51,9,1,0
BRDA:51,10,0,0
BRDA:51,10,1,0
BRF:22
BRH:0
end_of_record
TN:
SF:src\middleware\cacheMiddleware.js
FN:7,(anonymous_0)
FN:8,(anonymous_1)
FN:26,(anonymous_2)
FN:29,(anonymous_3)
FN:48,(anonymous_4)
FN:57,(anonymous_5)
FN:59,(anonymous_6)
FN:63,(anonymous_7)
FNF:8
FNH:2
FNDA:21,(anonymous_0)
FNDA:0,(anonymous_1)
FNDA:0,(anonymous_2)
FNDA:0,(anonymous_3)
FNDA:1,(anonymous_4)
FNDA:0,(anonymous_5)
FNDA:0,(anonymous_6)
FNDA:0,(anonymous_7)
DA:7,1
DA:8,21
DA:9,0
DA:10,0
DA:13,0
DA:15,0
DA:16,0
DA:17,0
DA:20,0
DA:21,0
DA:22,0
DA:25,0
DA:26,0
DA:27,0
DA:29,0
DA:30,0
DA:33,0
DA:36,0
DA:38,0
DA:39,0
DA:48,1
DA:49,1
DA:52,0
DA:57,0
DA:58,0
DA:59,0
DA:63,0
DA:64,0
LF:28
LH:4
BRDA:7,0,0,0
BRDA:9,1,0,0
BRDA:9,1,1,0
BRDA:9,2,0,0
BRDA:9,2,1,0
BRDA:9,2,2,0
BRDA:16,3,0,0
BRDA:16,3,1,0
BRDA:16,4,0,0
BRDA:16,4,1,0
BRDA:21,5,0,0
BRDA:21,5,1,0
BRDA:27,6,0,0
BRDA:27,6,1,0
BRDA:49,7,0,1
BRDA:49,7,1,0
BRDA:49,8,0,1
BRDA:49,8,1,0
BRDA:49,8,2,0
BRDA:58,9,0,0
BRDA:58,9,1,0
BRF:21
BRH:2
end_of_record
TN:
SF:src\middleware\cleanup.js
FN:3,(anonymous_0)
FN:20,(anonymous_1)
FNF:2
FNH:0
FNDA:0,(anonymous_0)
FNDA:0,(anonymous_1)
DA:3,1
DA:4,0
DA:6,0
DA:8,0
DA:9,0
DA:10,0
DA:11,0
DA:12,0
DA:14,0
DA:20,1
DA:21,0
LF:11
LH:2
BRDA:4,0,0,0
BRDA:4,0,1,0
BRDA:6,1,0,0
BRDA:6,1,1,0
BRDA:9,2,0,0
BRDA:9,2,1,0
BRDA:9,3,0,0
BRDA:9,3,1,0
BRF:8
BRH:0
end_of_record
TN:
SF:src\middleware\context.js
FN:5,(anonymous_0)
FNF:1
FNH:1
FNDA:4,(anonymous_0)
DA:5,1
DA:6,4
DA:8,4
DA:14,4
DA:15,4
DA:16,0
DA:19,4
LF:7
LH:6
BRDA:6,0,0,4
BRDA:6,0,1,4
BRDA:15,1,0,0
BRDA:15,1,1,4
BRF:4
BRH:3
end_of_record
TN:
SF:src\middleware\errorHandler.js
FN:4,(anonymous_0)
FN:22,(anonymous_1)
FNF:2
FNH:0
FNDA:0,(anonymous_0)
FNDA:0,(anonymous_1)
DA:4,1
DA:5,0
DA:6,0
DA:7,0
DA:10,0
DA:19,0
DA:20,0
DA:21,0
DA:22,0
DA:29,0
DA:30,0
DA:31,0
DA:35,0
DA:36,0
DA:37,0
DA:38,0
DA:42,0
DA:43,0
DA:44,0
DA:47,0
DA:48,0
DA:49,0
DA:53,0
LF:23
LH:1
BRDA:5,0,0,0
BRDA:5,0,1,0
BRDA:6,1,0,0
BRDA:6,1,1,0
BRDA:7,2,0,0
BRDA:7,2,1,0
BRDA:19,3,0,0
BRDA:19,3,1,0
BRDA:29,4,0,0
BRDA:29,4,1,0
BRDA:35,5,0,0
BRDA:35,5,1,0
BRDA:37,6,0,0
BRDA:37,6,1,0
BRDA:37,7,0,0
BRDA:37,7,1,0
BRDA:42,8,0,0
BRDA:42,8,1,0
BRDA:47,9,0,0
BRDA:47,9,1,0
BRDA:56,10,0,0
BRDA:56,10,1,0
BRF:22
BRH:0
end_of_record
TN:
SF:src\middleware\rateLimiter.js
FN:8,(anonymous_0)
FN:14,(anonymous_1)
FN:36,(anonymous_2)
FN:57,(anonymous_3)
FN:74,(anonymous_4)
FN:111,(anonymous_5)
FNF:6
FNH:3
FNDA:4,(anonymous_0)
FNDA:0,(anonymous_1)
FNDA:0,(anonymous_2)
FNDA:4,(anonymous_3)
FNDA:2,(anonymous_4)
FNDA:0,(anonymous_5)
DA:5,1
DA:8,1
DA:9,4
DA:10,0
DA:11,0
DA:15,0
DA:16,0
DA:18,0
DA:19,0
DA:24,0
DA:25,0
DA:29,1
DA:30,0
DA:32,1
DA:36,1
DA:37,0
DA:49,1
DA:57,4
DA:66,1
DA:75,2
DA:76,2
DA:77,2
DA:87,1
DA:103,1
DA:112,0
DA:113,0
DA:114,0
LF:27
LH:14
BRDA:9,0,0,4
BRDA:9,0,1,0
BRDA:29,1,0,0
BRDA:29,1,1,1
BRDA:32,2,0,1
BRDA:32,2,1,0
BRDA:51,3,0,1
BRDA:51,3,1,0
BRDA:68,4,0,1
BRDA:68,4,1,0
BRDA:75,5,0,2
BRDA:75,5,1,0
BRDA:77,6,0,2
BRDA:77,6,1,0
BRDA:89,7,0,1
BRDA:89,7,1,0
BRDA:105,8,0,1
BRDA:105,8,1,0
BRDA:112,9,0,0
BRDA:112,9,1,0
BRDA:114,10,0,0
BRDA:114,10,1,0
BRF:22
BRH:9
end_of_record
TN:
SF:src\middleware\rbac.js
FN:8,(anonymous_0)
FN:9,(anonymous_1)
FN:31,(anonymous_2)
FNF:3
FNH:1
FNDA:67,(anonymous_0)
FNDA:0,(anonymous_1)
FNDA:0,(anonymous_2)
DA:8,1
DA:9,67
DA:10,0
DA:12,0
DA:13,0
DA:17,0
DA:19,0
DA:20,0
DA:25,0
DA:26,0
DA:30,0
DA:31,0
DA:33,0
DA:34,0
DA:38,0
DA:39,0
DA:42,0
DA:46,0
DA:47,0
LF:19
LH:2
BRDA:12,0,0,0
BRDA:12,0,1,0
BRDA:19,1,0,0
BRDA:19,1,1,0
BRDA:19,2,0,0
BRDA:19,2,1,0
BRDA:25,3,0,0
BRDA:25,3,1,0
BRDA:30,4,0,0
BRDA:30,4,1,0
BRDA:33,5,0,0
BRDA:33,5,1,0
BRDA:38,6,0,0
BRDA:38,6,1,0
BRDA:43,7,0,0
BRDA:43,7,1,0
BRF:16
BRH:0
end_of_record
TN:
SF:src\middleware\upload.js
FN:11,(anonymous_0)
FN:28,(anonymous_1)
FNF:2
FNH:0
FNDA:0,(anonymous_0)
FNDA:0,(anonymous_1)
DA:7,1
DA:8,1
DA:11,1
DA:12,0
DA:13,0
DA:17,1
DA:18,1
DA:26,1
DA:28,1
DA:29,0
DA:30,0
DA:31,0
DA:33,0
DA:34,0
DA:36,0
DA:39,1
LF:16
LH:8
BRDA:12,0,0,0
BRDA:12,0,1,0
BRDA:13,1,0,0
BRDA:13,1,1,0
BRDA:30,2,0,0
BRDA:30,2,1,0
BRDA:33,3,0,0
BRDA:33,3,1,0
BRF:8
BRH:0
end_of_record
TN:
SF:src\middleware\validate.js
FN:4,(anonymous_0)
FN:4,(anonymous_1)
FN:11,(anonymous_2)
FN:25,(anonymous_3)
FNF:4
FNH:1
FNDA:7,(anonymous_0)
FNDA:0,(anonymous_1)
FNDA:0,(anonymous_2)
FNDA:0,(anonymous_3)
DA:4,7
DA:5,0
DA:6,0
DA:7,0
DA:8,0
DA:10,0
DA:11,0
DA:15,0
DA:20,0
DA:25,1
DA:26,0
DA:27,0
DA:28,0
DA:30,0
LF:14
LH:2
BRDA:10,0,0,0
BRDA:10,0,1,0
BRDA:27,1,0,0
BRDA:27,1,1,0
BRF:4
BRH:0
end_of_record
TN:
SF:src\modules\admin\admin.controller.js
FN:13,(anonymous_0)
FN:105,(anonymous_1)
FN:127,(anonymous_2)
FN:127,(anonymous_3)
FN:129,(anonymous_4)
FN:131,(anonymous_5)
FN:189,(anonymous_6)
FN:224,(anonymous_7)
FN:272,(anonymous_8)
FN:304,(anonymous_9)
FN:306,(anonymous_10)
FN:306,(anonymous_11)
FN:308,(anonymous_12)
FN:310,(anonymous_13)
FN:318,(anonymous_14)
FN:342,(anonymous_15)
FN:380,(anonymous_16)
FN:407,(anonymous_17)
FN:455,(anonymous_18)
FNF:19
FNH:0
FNDA:0,(anonymous_0)
FNDA:0,(anonymous_1)
FNDA:0,(anonymous_2)
FNDA:0,(anonymous_3)
FNDA:0,(anonymous_4)
FNDA:0,(anonymous_5)
FNDA:0,(anonymous_6)
FNDA:0,(anonymous_7)
FNDA:0,(anonymous_8)
FNDA:0,(anonymous_9)
FNDA:0,(anonymous_10)
FNDA:0,(anonymous_11)
FNDA:0,(anonymous_12)
FNDA:0,(anonymous_13)
FNDA:0,(anonymous_14)
FNDA:0,(anonymous_15)
FNDA:0,(anonymous_16)
FNDA:0,(anonymous_17)
FNDA:0,(anonymous_18)
DA:13,1
DA:14,0
DA:15,0
DA:16,0
DA:20,0
DA:22,0
DA:23,0
DA:24,0
DA:27,0
DA:28,0
DA:29,0
DA:32,0
DA:33,0
DA:35,0
DA:98,0
DA:101,0
DA:102,0
DA:103,0
DA:104,0
DA:105,0
DA:106,0
DA:109,0
DA:114,0
DA:119,0
DA:126,0
DA:127,0
DA:128,0
DA:129,0
DA:131,0
DA:136,0
DA:137,0
DA:139,0
DA:155,0
DA:161,0
DA:189,1
DA:199,0
DA:210,0
DA:224,1
DA:225,0
DA:226,0
DA:228,0
DA:266,0
DA:269,0
DA:270,0
DA:271,0
DA:272,0
DA:273,0
DA:275,0
DA:280,0
DA:281,0
DA:283,0
DA:284,0
DA:286,0
DA:304,1
DA:305,0
DA:306,0
DA:307,0
DA:308,0
DA:310,0
DA:315,0
DA:318,1
DA:319,0
DA:337,0
DA:342,1
DA:343,0
DA:344,0
DA:345,0
DA:349,0
DA:350,0
DA:351,0
DA:352,0
DA:354,0
DA:355,0
DA:356,0
DA:359,0
DA:377,0
DA:380,1
DA:381,0
DA:388,0
DA:401,0
DA:407,1
DA:408,0
DA:409,0
DA:410,0
DA:414,0
DA:415,0
DA:416,0
DA:417,0
DA:419,0
DA:420,0
DA:421,0
DA:424,0
DA:425,0
DA:427,0
DA:443,0
DA:449,0
DA:455,1
DA:456,0
DA:468,0
DA:472,0
LF:100
LH:9
BRDA:15,0,0,0
BRDA:15,0,1,0
BRDA:16,1,0,0
BRDA:16,1,1,0
BRDA:16,2,0,0
BRDA:16,2,1,0
BRDA:20,3,0,0
BRDA:20,3,1,0
BRDA:98,4,0,0
BRDA:98,4,1,0
BRDA:102,5,0,0
BRDA:102,5,1,0
BRDA:105,6,0,0
BRDA:105,6,1,0
BRDA:109,7,0,0
BRDA:109,7,1,0
BRDA:133,8,0,0
BRDA:133,8,1,0
BRDA:133,9,0,0
BRDA:133,9,1,0
BRDA:137,10,0,0
BRDA:137,10,1,0
BRDA:163,11,0,0
BRDA:163,11,1,0
BRDA:164,12,0,0
BRDA:164,12,1,0
BRDA:165,13,0,0
BRDA:165,13,1,0
BRDA:166,14,0,0
BRDA:166,14,1,0
BRDA:170,15,0,0
BRDA:170,15,1,0
BRDA:171,16,0,0
BRDA:171,16,1,0
BRDA:172,17,0,0
BRDA:172,17,1,0
BRDA:175,18,0,0
BRDA:175,18,1,0
BRDA:266,19,0,0
BRDA:266,19,1,0
BRDA:272,20,0,0
BRDA:272,20,1,0
BRDA:273,21,0,0
BRDA:273,21,1,0
BRDA:281,22,0,0
BRDA:281,22,1,0
BRDA:288,23,0,0
BRDA:288,23,1,0
BRDA:289,24,0,0
BRDA:289,24,1,0
BRDA:290,25,0,0
BRDA:290,25,1,0
BRDA:294,26,0,0
BRDA:294,26,1,0
BRDA:295,27,0,0
BRDA:295,27,1,0
BRDA:312,28,0,0
BRDA:312,28,1,0
BRDA:312,29,0,0
BRDA:312,29,1,0
BRDA:338,30,0,0
BRDA:338,30,1,0
BRDA:344,31,0,0
BRDA:344,31,1,0
BRDA:345,32,0,0
BRDA:345,32,1,0
BRDA:345,33,0,0
BRDA:345,33,1,0
BRDA:349,34,0,0
BRDA:349,34,1,0
BRDA:409,35,0,0
BRDA:409,35,1,0
BRDA:410,36,0,0
BRDA:410,36,1,0
BRDA:410,37,0,0
BRDA:410,37,1,0
BRDA:414,38,0,0
BRDA:414,38,1,0
BRDA:425,39,0,0
BRDA:425,39,1,0
BRDA:468,40,0,0
BRDA:468,40,1,0
BRF:82
BRH:0
end_of_record
TN:
SF:src\modules\admin\admin.routes.js
FN:34,(anonymous_0)
FNF:1
FNH:0
FNDA:0,(anonymous_0)
DA:26,1
DA:30,1
DA:32,1
DA:33,1
DA:34,1
DA:35,0
DA:36,0
DA:37,0
DA:38,0
DA:40,0
DA:41,0
DA:46,1
DA:47,1
DA:48,1
DA:49,1
DA:50,1
DA:51,1
DA:52,1
DA:53,1
DA:54,1
DA:57,1
DA:58,1
DA:59,1
DA:60,1
LF:24
LH:18
BRDA:36,0,0,0
BRDA:36,0,1,0
BRF:2
BRH:0
end_of_record
TN:
SF:src\modules\admin\ai-chat.controller.js
FN:30,(anonymous_0)
FN:46,(anonymous_1)
FN:63,(anonymous_2)
FN:69,(anonymous_3)
FN:77,(anonymous_4)
FN:86,(anonymous_5)
FN:129,(anonymous_6)
FN:162,(anonymous_7)
FN:172,(anonymous_8)
FN:186,(anonymous_9)
FN:250,(anonymous_10)
FN:281,(anonymous_11)
FN:301,(anonymous_12)
FN:331,(anonymous_13)
FN:360,(anonymous_14)
FN:388,(anonymous_15)
FN:406,(anonymous_16)
FN:426,(anonymous_17)
FN:458,(anonymous_18)
FN:480,(anonymous_19)
FN:486,(anonymous_20)
FN:501,(anonymous_21)
FN:507,(anonymous_22)
FN:519,(anonymous_23)
FN:542,(anonymous_24)
FN:547,(anonymous_25)
FN:605,(anonymous_26)
FN:650,(anonymous_27)
FN:662,(anonymous_28)
FN:690,(anonymous_29)
FN:739,(anonymous_30)
FN:757,(anonymous_31)
FN:813,(anonymous_32)
FN:842,(anonymous_33)
FN:874,(anonymous_34)
FN:883,(anonymous_35)
FN:911,(anonymous_36)
FN:948,(anonymous_37)
FN:957,(anonymous_38)
FN:974,(anonymous_39)
FN:1005,(anonymous_40)
FN:1014,(anonymous_41)
FN:1031,(anonymous_42)
FN:1041,(anonymous_43)
FN:1070,(anonymous_44)
FN:1081,editCouponDoc
FN:1118,(anonymous_46)
FN:1127,(anonymous_47)
FN:1755,(anonymous_48)
FN:1764,(anonymous_49)
FN:1835,(anonymous_50)
FN:1851,(anonymous_51)
FN:1864,(anonymous_52)
FN:1905,(anonymous_53)
FN:1951,(anonymous_54)
FN:1984,(anonymous_55)
FNF:56
FNH:0
FNDA:0,(anonymous_0)
FNDA:0,(anonymous_1)
FNDA:0,(anonymous_2)
FNDA:0,(anonymous_3)
FNDA:0,(anonymous_4)
FNDA:0,(anonymous_5)
FNDA:0,(anonymous_6)
FNDA:0,(anonymous_7)
FNDA:0,(anonymous_8)
FNDA:0,(anonymous_9)
FNDA:0,(anonymous_10)
FNDA:0,(anonymous_11)
FNDA:0,(anonymous_12)
FNDA:0,(anonymous_13)
FNDA:0,(anonymous_14)
FNDA:0,(anonymous_15)
FNDA:0,(anonymous_16)
FNDA:0,(anonymous_17)
FNDA:0,(anonymous_18)
FNDA:0,(anonymous_19)
FNDA:0,(anonymous_20)
FNDA:0,(anonymous_21)
FNDA:0,(anonymous_22)
FNDA:0,(anonymous_23)
FNDA:0,(anonymous_24)
FNDA:0,(anonymous_25)
FNDA:0,(anonymous_26)
FNDA:0,(anonymous_27)
FNDA:0,(anonymous_28)
FNDA:0,(anonymous_29)
FNDA:0,(anonymous_30)
FNDA:0,(anonymous_31)
FNDA:0,(anonymous_32)
FNDA:0,(anonymous_33)
FNDA:0,(anonymous_34)
FNDA:0,(anonymous_35)
FNDA:0,(anonymous_36)
FNDA:0,(anonymous_37)
FNDA:0,(anonymous_38)
FNDA:0,(anonymous_39)
FNDA:0,(anonymous_40)
FNDA:0,(anonymous_41)
FNDA:0,(anonymous_42)
FNDA:0,(anonymous_43)
FNDA:0,(anonymous_44)
FNDA:0,editCouponDoc
FNDA:0,(anonymous_46)
FNDA:0,(anonymous_47)
FNDA:0,(anonymous_48)
FNDA:0,(anonymous_49)
FNDA:0,(anonymous_50)
FNDA:0,(anonymous_51)
FNDA:0,(anonymous_52)
FNDA:0,(anonymous_53)
FNDA:0,(anonymous_54)
FNDA:0,(anonymous_55)
DA:30,1
DA:31,0
DA:32,0
DA:33,0
DA:34,0
DA:35,0
DA:38,0
DA:41,0
DA:45,1
DA:47,0
DA:48,0
DA:53,0
DA:54,0
DA:60,0
DA:63,0
DA:69,0
DA:73,0
DA:78,0
DA:79,0
DA:80,0
DA:81,0
DA:85,0
DA:86,0
DA:89,0
DA:91,0
DA:93,0
DA:94,0
DA:96,0
DA:97,0
DA:98,0
DA:107,0
DA:113,0
DA:114,0
DA:116,0
DA:125,0
DA:130,0
DA:131,0
DA:136,0
DA:140,0
DA:143,0
DA:149,0
DA:158,0
DA:163,0
DA:164,0
DA:170,0
DA:172,0
DA:182,0
DA:187,0
DA:188,0
DA:189,0
DA:190,0
DA:192,0
DA:193,0
DA:196,0
DA:197,0
DA:198,0
DA:199,0
DA:200,0
DA:201,0
DA:209,0
DA:210,0
DA:211,0
DA:212,0
DA:213,0
DA:216,0
DA:219,0
DA:221,0
DA:236,0
DA:246,0
DA:251,0
DA:252,0
DA:253,0
DA:255,0
DA:262,0
DA:267,0
DA:268,0
DA:277,0
DA:282,0
DA:283,0
DA:284,0
DA:285,0
DA:286,0
DA:287,0
DA:288,0
DA:297,0
DA:302,0
DA:303,0
DA:304,0
DA:306,0
DA:307,0
DA:309,0
DA:318,0
DA:327,0
DA:332,0
DA:333,0
DA:334,0
DA:336,0
DA:337,0
DA:338,0
DA:339,0
DA:341,0
DA:350,0
DA:359,0
DA:360,0
DA:361,0
DA:362,0
DA:371,0
DA:372,0
DA:373,0
DA:384,0
DA:389,0
DA:390,0
DA:396,0
DA:402,0
DA:407,0
DA:408,0
DA:409,0
DA:411,0
DA:412,0
DA:413,0
DA:422,0
DA:427,0
DA:428,0
DA:430,0
DA:431,0
DA:433,0
DA:444,0
DA:454,0
DA:459,0
DA:460,0
DA:461,0
DA:463,0
DA:464,0
DA:470,0
DA:476,0
DA:481,0
DA:482,0
DA:483,0
DA:486,0
DA:497,0
DA:502,0
DA:503,0
DA:504,0
DA:507,0
DA:515,0
DA:520,0
DA:522,0
DA:523,0
DA:524,0
DA:527,0
DA:528,0
DA:529,0
DA:530,0
DA:531,0
DA:533,0
DA:534,0
DA:536,0
DA:537,0
DA:540,0
DA:541,0
DA:542,0
DA:544,0
DA:545,0
DA:546,0
DA:547,0
DA:550,0
DA:551,0
DA:554,0
DA:563,0
DA:569,0
DA:587,0
DA:588,0
DA:589,0
DA:590,0
DA:601,0
DA:606,0
DA:607,0
DA:608,0
DA:610,0
DA:626,0
DA:627,0
DA:629,0
DA:630,0
DA:631,0
DA:632,0
DA:634,0
DA:635,0
DA:636,0
DA:646,0
DA:651,0
DA:652,0
DA:655,0
DA:656,0
DA:658,0
DA:663,0
DA:664,0
DA:665,0
DA:666,0
DA:667,0
DA:668,0
DA:669,0
DA:671,0
DA:677,0
DA:678,0
DA:683,0
DA:684,0
DA:686,0
DA:691,0
DA:692,0
DA:693,0
DA:695,0
DA:703,0
DA:705,0
DA:706,0
DA:707,0
DA:709,0
DA:710,0
DA:711,0
DA:712,0
DA:713,0
DA:714,0
DA:715,0
DA:716,0
DA:717,0
DA:718,0
DA:719,0
DA:721,0
DA:725,0
DA:739,0
DA:742,0
DA:743,0
DA:744,0
DA:745,0
DA:747,0
DA:753,0
DA:758,0
DA:759,0
DA:760,0
DA:762,0
DA:776,0
DA:777,0
DA:778,0
DA:780,0
DA:781,0
DA:782,0
DA:783,0
DA:784,0
DA:785,0
DA:786,0
DA:788,0
DA:789,0
DA:790,0
DA:793,0
DA:794,0
DA:795,0
DA:798,0
DA:799,0
DA:809,0
DA:814,0
DA:815,0
DA:816,0
DA:818,0
DA:825,0
DA:826,0
DA:827,0
DA:828,0
DA:829,0
DA:838,0
DA:843,0
DA:844,0
DA:845,0
DA:847,0
DA:854,0
DA:855,0
DA:856,0
DA:858,0
DA:859,0
DA:860,0
DA:861,0
DA:870,0
DA:875,0
DA:876,0
DA:877,0
DA:879,0
DA:884,0
DA:885,0
DA:886,0
DA:887,0
DA:888,0
DA:889,0
DA:890,0
DA:897,0
DA:907,0
DA:912,0
DA:913,0
DA:914,0
DA:916,0
DA:924,0
DA:925,0
DA:926,0
DA:928,0
DA:929,0
DA:930,0
DA:932,0
DA:933,0
DA:934,0
DA:935,0
DA:944,0
DA:949,0
DA:950,0
DA:951,0
DA:953,0
DA:958,0
DA:959,0
DA:960,0
DA:970,0
DA:975,0
DA:976,0
DA:977,0
DA:979,0
DA:987,0
DA:988,0
DA:989,0
DA:990,0
DA:991,0
DA:992,0
DA:1001,0
DA:1006,0
DA:1007,0
DA:1008,0
DA:1010,0
DA:1015,0
DA:1016,0
DA:1017,0
DA:1027,0
DA:1032,0
DA:1033,0
DA:1034,0
DA:1036,0
DA:1041,0
DA:1048,0
DA:1049,0
DA:1050,0
DA:1051,0
DA:1052,0
DA:1053,0
DA:1054,0
DA:1055,0
DA:1056,0
DA:1057,0
DA:1066,0
DA:1071,0
DA:1072,0
DA:1073,0
DA:1074,0
DA:1075,0
DA:1076,0
DA:1077,0
DA:1079,0
DA:1082,0
DA:1090,0
DA:1091,0
DA:1093,0
DA:1094,0
DA:1095,0
DA:1096,0
DA:1097,0
DA:1098,0
DA:1099,0
DA:1100,0
DA:1102,0
DA:1103,0
DA:1104,0
DA:1114,0
DA:1119,0
DA:1120,0
DA:1121,0
DA:1123,0
DA:1128,0
DA:1129,0
DA:1130,0
DA:1132,0
DA:1141,0
DA:1142,0
DA:1143,0
DA:1145,0
DA:1146,0
DA:1147,0
DA:1148,0
DA:1149,0
DA:1150,0
DA:1159,0
DA:1165,1
DA:1716,1
DA:1755,1
DA:1756,0
DA:1757,0
DA:1758,0
DA:1759,0
DA:1761,0
DA:1764,1
DA:1765,0
DA:1767,0
DA:1768,0
DA:1774,0
DA:1775,0
DA:1776,0
DA:1783,0
DA:1784,0
DA:1785,0
DA:1786,0
DA:1787,0
DA:1788,0
DA:1790,0
DA:1792,0
DA:1793,0
DA:1794,0
DA:1795,0
DA:1796,0
DA:1798,0
DA:1799,0
DA:1800,0
DA:1801,0
DA:1802,0
DA:1803,0
DA:1804,0
DA:1805,0
DA:1807,0
DA:1808,0
DA:1809,0
DA:1812,0
DA:1813,0
DA:1821,0
DA:1825,0
DA:1832,0
DA:1833,0
DA:1835,0
DA:1836,0
DA:1837,0
DA:1838,0
DA:1839,0
DA:1840,0
DA:1841,0
DA:1842,0
DA:1844,0
DA:1845,0
DA:1848,0
DA:1849,0
DA:1850,0
DA:1851,0
DA:1852,0
DA:1854,0
DA:1856,0
DA:1857,0
DA:1861,0
DA:1862,0
DA:1863,0
DA:1864,0
DA:1865,0
DA:1868,0
DA:1873,0
DA:1876,0
DA:1877,0
DA:1878,0
DA:1879,0
DA:1880,0
DA:1881,0
DA:1883,0
DA:1884,0
DA:1886,0
DA:1896,0
DA:1897,0
DA:1898,0
DA:1900,0
DA:1901,0
DA:1905,0
DA:1907,0
DA:1909,0
DA:1913,0
DA:1915,0
DA:1916,0
DA:1917,0
DA:1918,0
DA:1921,0
DA:1922,0
DA:1923,0
DA:1924,0
DA:1925,0
DA:1927,0
DA:1928,0
DA:1929,0
DA:1932,0
DA:1935,0
DA:1944,0
DA:1951,0
DA:1952,0
DA:1956,0
DA:1963,0
DA:1964,0
DA:1965,0
DA:1968,0
DA:1970,0
DA:1971,0
DA:1972,0
DA:1973,0
DA:1975,0
DA:1977,0
DA:1984,1
DA:1985,0
DA:1986,0
DA:1987,0
DA:1990,0
DA:1991,0
DA:1992,0
DA:1995,0
DA:1996,0
DA:1997,0
DA:2000,0
DA:2001,0
DA:2002,0
DA:2004,0
DA:2005,0
LF:522
LH:7
BRDA:34,0,0,0
BRDA:34,0,1,0
BRDA:34,1,0,0
BRDA:34,1,1,0
BRDA:53,2,0,0
BRDA:53,2,1,0
BRDA:53,3,0,0
BRDA:53,3,1,0
BRDA:67,4,0,0
BRDA:67,4,1,0
BRDA:80,5,0,0
BRDA:80,5,1,0
BRDA:86,6,0,0
BRDA:86,6,1,0
BRDA:89,7,0,0
BRDA:89,7,1,0
BRDA:91,8,0,0
BRDA:91,8,1,0
BRDA:94,9,0,0
BRDA:94,9,1,0
BRDA:140,10,0,0
BRDA:140,10,1,0
BRDA:162,11,0,0
BRDA:174,12,0,0
BRDA:174,12,1,0
BRDA:174,12,2,0
BRDA:176,13,0,0
BRDA:176,13,1,0
BRDA:177,14,0,0
BRDA:177,14,1,0
BRDA:189,15,0,0
BRDA:189,15,1,0
BRDA:192,16,0,0
BRDA:192,16,1,0
BRDA:197,17,0,0
BRDA:197,17,1,0
BRDA:197,18,0,0
BRDA:197,18,1,0
BRDA:200,19,0,0
BRDA:200,19,1,0
BRDA:212,20,0,0
BRDA:212,20,1,0
BRDA:212,21,0,0
BRDA:212,21,1,0
BRDA:212,21,2,0
BRDA:225,22,0,0
BRDA:225,22,1,0
BRDA:228,23,0,0
BRDA:228,23,1,0
BRDA:229,24,0,0
BRDA:229,24,1,0
BRDA:230,25,0,0
BRDA:230,25,1,0
BRDA:231,26,0,0
BRDA:231,26,1,0
BRDA:232,27,0,0
BRDA:232,27,1,0
BRDA:253,28,0,0
BRDA:253,28,1,0
BRDA:257,29,0,0
BRDA:257,29,1,0
BRDA:258,30,0,0
BRDA:258,30,1,0
BRDA:259,31,0,0
BRDA:259,31,1,0
BRDA:263,32,0,0
BRDA:263,32,1,0
BRDA:264,33,0,0
BRDA:264,33,1,0
BRDA:265,34,0,0
BRDA:265,34,1,0
BRDA:284,35,0,0
BRDA:284,35,1,0
BRDA:301,36,0,0
BRDA:301,37,0,0
BRDA:304,38,0,0
BRDA:304,38,1,0
BRDA:311,39,0,0
BRDA:311,39,1,0
BRDA:320,40,0,0
BRDA:320,40,1,0
BRDA:331,41,0,0
BRDA:334,42,0,0
BRDA:334,42,1,0
BRDA:337,43,0,0
BRDA:337,43,1,0
BRDA:343,44,0,0
BRDA:343,44,1,0
BRDA:359,45,0,0
BRDA:359,45,1,0
BRDA:409,46,0,0
BRDA:409,46,1,0
BRDA:415,47,0,0
BRDA:415,47,1,0
BRDA:426,48,0,0
BRDA:431,49,0,0
BRDA:431,49,1,0
BRDA:438,50,0,0
BRDA:438,50,1,0
BRDA:439,51,0,0
BRDA:439,51,1,0
BRDA:461,52,0,0
BRDA:461,52,1,0
BRDA:467,53,0,0
BRDA:467,53,1,0
BRDA:468,54,0,0
BRDA:468,54,1,0
BRDA:519,55,0,0
BRDA:519,56,0,0
BRDA:519,57,0,0
BRDA:522,58,0,0
BRDA:522,58,1,0
BRDA:524,59,0,0
BRDA:524,59,1,0
BRDA:530,60,0,0
BRDA:530,60,1,0
BRDA:533,61,0,0
BRDA:533,61,1,0
BRDA:533,62,0,0
BRDA:533,62,1,0
BRDA:536,63,0,0
BRDA:536,63,1,0
BRDA:537,64,0,0
BRDA:537,64,1,0
BRDA:541,65,0,0
BRDA:541,65,1,0
BRDA:544,66,0,0
BRDA:544,66,1,0
BRDA:544,67,0,0
BRDA:544,67,1,0
BRDA:546,68,0,0
BRDA:546,68,1,0
BRDA:550,69,0,0
BRDA:550,69,1,0
BRDA:551,70,0,0
BRDA:551,70,1,0
BRDA:570,71,0,0
BRDA:570,71,1,0
BRDA:608,72,0,0
BRDA:608,72,1,0
BRDA:614,73,0,0
BRDA:614,73,1,0
BRDA:620,74,0,0
BRDA:620,74,1,0
BRDA:621,75,0,0
BRDA:621,75,1,0
BRDA:622,76,0,0
BRDA:622,76,1,0
BRDA:626,77,0,0
BRDA:626,77,1,0
BRDA:629,78,0,0
BRDA:629,78,1,0
BRDA:630,79,0,0
BRDA:630,79,1,0
BRDA:631,80,0,0
BRDA:631,80,1,0
BRDA:655,81,0,0
BRDA:655,81,1,0
BRDA:662,82,0,0
BRDA:662,83,0,0
BRDA:665,84,0,0
BRDA:665,84,1,0
BRDA:665,85,0,0
BRDA:665,85,1,0
BRDA:666,86,0,0
BRDA:666,86,1,0
BRDA:666,87,0,0
BRDA:666,87,1,0
BRDA:668,88,0,0
BRDA:668,88,1,0
BRDA:693,89,0,0
BRDA:693,89,1,0
BRDA:703,90,0,0
BRDA:703,90,1,0
BRDA:709,91,0,0
BRDA:709,91,1,0
BRDA:709,92,0,0
BRDA:709,92,1,0
BRDA:709,92,2,0
BRDA:712,93,0,0
BRDA:712,93,1,0
BRDA:737,94,0,0
BRDA:737,94,1,0
BRDA:760,95,0,0
BRDA:760,95,1,0
BRDA:767,96,0,0
BRDA:767,96,1,0
BRDA:768,97,0,0
BRDA:768,97,1,0
BRDA:773,98,0,0
BRDA:773,98,1,0
BRDA:776,99,0,0
BRDA:776,99,1,0
BRDA:780,100,0,0
BRDA:780,100,1,0
BRDA:781,101,0,0
BRDA:781,101,1,0
BRDA:782,102,0,0
BRDA:782,102,1,0
BRDA:783,103,0,0
BRDA:783,103,1,0
BRDA:784,104,0,0
BRDA:784,104,1,0
BRDA:785,105,0,0
BRDA:785,105,1,0
BRDA:786,106,0,0
BRDA:786,106,1,0
BRDA:788,107,0,0
BRDA:788,107,1,0
BRDA:790,108,0,0
BRDA:790,108,1,0
BRDA:793,109,0,0
BRDA:793,109,1,0
BRDA:795,110,0,0
BRDA:795,110,1,0
BRDA:816,111,0,0
BRDA:816,111,1,0
BRDA:825,112,0,0
BRDA:825,112,1,0
BRDA:826,113,0,0
BRDA:826,113,1,0
BRDA:827,114,0,0
BRDA:827,114,1,0
BRDA:845,115,0,0
BRDA:845,115,1,0
BRDA:854,116,0,0
BRDA:854,116,1,0
BRDA:858,117,0,0
BRDA:858,117,1,0
BRDA:859,118,0,0
BRDA:859,118,1,0
BRDA:886,119,0,0
BRDA:886,119,1,0
BRDA:888,120,0,0
BRDA:888,120,1,0
BRDA:894,121,0,0
BRDA:894,121,1,0
BRDA:895,122,0,0
BRDA:895,122,1,0
BRDA:914,123,0,0
BRDA:914,123,1,0
BRDA:919,124,0,0
BRDA:919,124,1,0
BRDA:924,125,0,0
BRDA:924,125,1,0
BRDA:928,126,0,0
BRDA:928,126,1,0
BRDA:930,127,0,0
BRDA:930,127,1,0
BRDA:932,128,0,0
BRDA:932,128,1,0
BRDA:933,129,0,0
BRDA:933,129,1,0
BRDA:957,130,0,0
BRDA:977,131,0,0
BRDA:977,131,1,0
BRDA:987,132,0,0
BRDA:987,132,1,0
BRDA:988,133,0,0
BRDA:988,133,1,0
BRDA:989,134,0,0
BRDA:989,134,1,0
BRDA:990,135,0,0
BRDA:990,135,1,0
BRDA:1014,136,0,0
BRDA:1014,137,0,0
BRDA:1034,138,0,0
BRDA:1034,138,1,0
BRDA:1041,139,0,0
BRDA:1041,139,1,0
BRDA:1042,140,0,0
BRDA:1042,140,1,0
BRDA:1043,141,0,0
BRDA:1043,141,1,0
BRDA:1048,142,0,0
BRDA:1048,142,1,0
BRDA:1049,143,0,0
BRDA:1049,143,1,0
BRDA:1050,144,0,0
BRDA:1050,144,1,0
BRDA:1051,145,0,0
BRDA:1051,145,1,0
BRDA:1052,146,0,0
BRDA:1052,146,1,0
BRDA:1053,147,0,0
BRDA:1053,147,1,0
BRDA:1054,148,0,0
BRDA:1054,148,1,0
BRDA:1055,149,0,0
BRDA:1055,149,1,0
BRDA:1073,150,0,0
BRDA:1073,150,1,0
BRDA:1074,151,0,0
BRDA:1074,151,1,0
BRDA:1076,152,0,0
BRDA:1076,152,1,0
BRDA:1093,153,0,0
BRDA:1093,153,1,0
BRDA:1094,154,0,0
BRDA:1094,154,1,0
BRDA:1095,155,0,0
BRDA:1095,155,1,0
BRDA:1096,156,0,0
BRDA:1096,156,1,0
BRDA:1097,157,0,0
BRDA:1097,157,1,0
BRDA:1102,158,0,0
BRDA:1102,158,1,0
BRDA:1130,159,0,0
BRDA:1130,159,1,0
BRDA:1141,160,0,0
BRDA:1141,160,1,0
BRDA:1145,161,0,0
BRDA:1145,161,1,0
BRDA:1146,162,0,0
BRDA:1146,162,1,0
BRDA:1147,163,0,0
BRDA:1147,163,1,0
BRDA:1148,164,0,0
BRDA:1148,164,1,0
BRDA:1756,165,0,0
BRDA:1756,165,1,0
BRDA:1757,166,0,0
BRDA:1757,166,1,0
BRDA:1758,167,0,0
BRDA:1758,167,1,0
BRDA:1758,168,0,0
BRDA:1758,168,1,0
BRDA:1761,169,0,0
BRDA:1761,169,1,0
BRDA:1767,170,0,0
BRDA:1767,170,1,0
BRDA:1767,171,0,0
BRDA:1767,171,1,0
BRDA:1775,172,0,0
BRDA:1775,172,1,0
BRDA:1785,173,0,0
BRDA:1785,173,1,0
BRDA:1787,174,0,0
BRDA:1787,174,1,0
BRDA:1792,175,0,0
BRDA:1792,175,1,0
BRDA:1794,176,0,0
BRDA:1794,176,1,0
BRDA:1798,177,0,0
BRDA:1798,177,1,0
BRDA:1798,178,0,0
BRDA:1798,178,1,0
BRDA:1798,178,2,0
BRDA:1799,179,0,0
BRDA:1799,179,1,0
BRDA:1803,180,0,0
BRDA:1803,180,1,0
BRDA:1804,181,0,0
BRDA:1804,181,1,0
BRDA:1805,182,0,0
BRDA:1805,182,1,0
BRDA:1809,183,0,0
BRDA:1809,183,1,0
BRDA:1812,184,0,0
BRDA:1812,184,1,0
BRDA:1826,185,0,0
BRDA:1826,185,1,0
BRDA:1848,186,0,0
BRDA:1848,186,1,0
BRDA:1848,187,0,0
BRDA:1848,187,1,0
BRDA:1854,188,0,0
BRDA:1854,188,1,0
BRDA:1861,189,0,0
BRDA:1861,189,1,0
BRDA:1861,190,0,0
BRDA:1861,190,1,0
BRDA:1883,191,0,0
BRDA:1883,191,1,0
BRDA:1900,192,0,0
BRDA:1900,192,1,0
BRDA:1907,193,0,0
BRDA:1907,193,1,0
BRDA:1921,194,0,0
BRDA:1921,194,1,0
BRDA:1923,195,0,0
BRDA:1923,195,1,0
BRDA:1923,196,0,0
BRDA:1923,196,1,0
BRDA:1965,197,0,0
BRDA:1965,197,1,0
BRDA:1965,197,2,0
BRDA:1970,198,0,0
BRDA:1970,198,1,0
BRDA:1972,199,0,0
BRDA:1972,199,1,0
BRDA:1975,200,0,0
BRDA:1975,200,1,0
BRDA:1977,201,0,0
BRDA:1977,201,1,0
BRDA:1986,202,0,0
BRDA:1986,202,1,0
BRDA:1986,203,0,0
BRDA:1986,203,1,0
BRDA:1991,204,0,0
BRDA:1991,204,1,0
BRDA:1996,205,0,0
BRDA:1996,205,1,0
BRDA:1996,206,0,0
BRDA:1996,206,1,0
BRF:406
BRH:0
end_of_record
TN:
SF:src\modules\auth\auth.controller.js
FN:13,(anonymous_0)
FN:20,(anonymous_1)
FN:91,(anonymous_2)
FN:140,(anonymous_3)
FN:165,(anonymous_4)
FN:209,(anonymous_5)
FN:244,(anonymous_6)
FN:258,(anonymous_7)
FN:370,(anonymous_8)
FNF:9
FNH:3
FNDA:2,(anonymous_0)
FNDA:2,(anonymous_1)
FNDA:2,(anonymous_2)
FNDA:0,(anonymous_3)
FNDA:0,(anonymous_4)
FNDA:0,(anonymous_5)
FNDA:0,(anonymous_6)
FNDA:0,(anonymous_7)
FNDA:0,(anonymous_8)
DA:13,1
DA:14,2
DA:20,1
DA:21,2
DA:23,2
DA:24,0
DA:27,2
DA:28,0
DA:31,2
DA:32,2
DA:33,2
DA:34,1
DA:38,1
DA:40,1
DA:42,1
DA:51,1
DA:54,1
DA:55,1
DA:56,1
DA:57,1
DA:58,0
DA:60,1
DA:61,1
DA:62,1
DA:63,1
DA:64,1
DA:65,1
DA:69,1
DA:71,1
DA:85,0
DA:86,0
DA:91,1
DA:92,2
DA:94,2
DA:95,0
DA:98,2
DA:99,2
DA:103,2
DA:104,0
DA:107,2
DA:108,0
DA:111,2
DA:112,0
DA:115,2
DA:116,2
DA:117,1
DA:120,1
DA:122,1
DA:134,0
DA:135,0
DA:140,1
DA:141,0
DA:143,0
DA:144,0
DA:147,0
DA:148,0
DA:149,0
DA:150,0
DA:153,0
DA:154,0
DA:155,0
DA:157,0
DA:159,0
DA:160,0
DA:165,1
DA:166,0
DA:168,0
DA:169,0
DA:172,0
DA:173,0
DA:174,0
DA:175,0
DA:178,0
DA:179,0
DA:180,0
DA:181,0
DA:183,0
DA:185,0
DA:186,0
DA:187,0
DA:188,0
DA:190,0
DA:191,0
DA:192,0
DA:196,0
DA:203,0
DA:204,0
DA:209,1
DA:210,0
DA:211,0
DA:213,0
DA:214,0
DA:217,0
DA:218,0
DA:221,0
DA:222,0
DA:227,0
DA:228,0
DA:231,0
DA:232,0
DA:233,0
DA:234,0
DA:236,0
DA:238,0
DA:239,0
DA:244,1
DA:245,0
DA:246,0
DA:247,0
DA:248,0
DA:250,0
DA:252,0
DA:253,0
DA:258,1
DA:259,0
DA:261,0
DA:262,0
DA:265,0
DA:267,0
DA:270,0
DA:271,0
DA:272,0
DA:273,0
DA:276,0
DA:281,0
DA:283,0
DA:284,0
DA:285,0
DA:287,0
DA:288,0
DA:293,0
DA:294,0
DA:295,0
DA:296,0
DA:297,0
DA:300,0
DA:301,0
DA:302,0
DA:305,0
DA:308,0
DA:309,0
DA:310,0
DA:311,0
DA:314,0
DA:315,0
DA:319,0
DA:322,0
DA:324,0
DA:325,0
DA:326,0
DA:329,0
DA:330,0
DA:331,0
DA:332,0
DA:333,0
DA:335,0
DA:345,0
DA:347,0
DA:350,0
DA:352,0
DA:364,0
DA:365,0
DA:370,1
DA:371,0
DA:373,0
DA:374,0
DA:377,0
DA:379,0
DA:383,0
DA:386,0
DA:389,0
DA:392,0
DA:399,0
DA:401,0
DA:402,0
DA:403,0
DA:406,0
DA:407,0
DA:408,0
DA:409,0
DA:410,0
DA:412,0
DA:422,0
DA:424,0
DA:427,0
DA:429,0
DA:441,0
DA:442,0
LF:188
LH:45
BRDA:23,0,0,0
BRDA:23,0,1,2
BRDA:23,1,0,2
BRDA:23,1,1,2
BRDA:23,1,2,2
BRDA:27,2,0,0
BRDA:27,2,1,2
BRDA:33,3,0,1
BRDA:33,3,1,1
BRDA:46,4,0,0
BRDA:46,4,1,1
BRDA:61,5,0,1
BRDA:61,5,1,0
BRDA:72,6,0,0
BRDA:72,6,1,1
BRDA:94,7,0,0
BRDA:94,7,1,2
BRDA:94,8,0,2
BRDA:94,8,1,2
BRDA:103,9,0,0
BRDA:103,9,1,2
BRDA:107,10,0,0
BRDA:107,10,1,2
BRDA:111,11,0,0
BRDA:111,11,1,2
BRDA:111,12,0,2
BRDA:111,12,1,0
BRDA:116,13,0,1
BRDA:116,13,1,1
BRDA:143,14,0,0
BRDA:143,14,1,0
BRDA:149,15,0,0
BRDA:149,15,1,0
BRDA:168,16,0,0
BRDA:168,16,1,0
BRDA:174,17,0,0
BRDA:174,17,1,0
BRDA:191,18,0,0
BRDA:191,18,1,0
BRDA:197,19,0,0
BRDA:197,19,1,0
BRDA:200,20,0,0
BRDA:200,20,1,0
BRDA:200,20,2,0
BRDA:213,21,0,0
BRDA:213,21,1,0
BRDA:213,22,0,0
BRDA:213,22,1,0
BRDA:217,23,0,0
BRDA:217,23,1,0
BRDA:227,24,0,0
BRDA:227,24,1,0
BRDA:247,25,0,0
BRDA:247,25,1,0
BRDA:261,26,0,0
BRDA:261,26,1,0
BRDA:261,27,0,0
BRDA:261,27,1,0
BRDA:272,28,0,0
BRDA:272,28,1,0
BRDA:272,29,0,0
BRDA:272,29,1,0
BRDA:281,30,0,0
BRDA:281,30,1,0
BRDA:283,31,0,0
BRDA:283,31,1,0
BRDA:283,32,0,0
BRDA:283,32,1,0
BRDA:284,33,0,0
BRDA:284,33,1,0
BRDA:300,34,0,0
BRDA:300,34,1,0
BRDA:301,35,0,0
BRDA:301,35,1,0
BRDA:314,36,0,0
BRDA:314,36,1,0
BRDA:324,37,0,0
BRDA:324,37,1,0
BRDA:325,38,0,0
BRDA:325,38,1,0
BRDA:332,39,0,0
BRDA:332,39,1,0
BRDA:332,40,0,0
BRDA:332,40,1,0
BRDA:338,41,0,0
BRDA:338,41,1,0
BRDA:342,42,0,0
BRDA:342,42,1,0
BRDA:373,43,0,0
BRDA:373,43,1,0
BRDA:386,44,0,0
BRDA:386,44,1,0
BRDA:399,45,0,0
BRDA:399,45,1,0
BRDA:401,46,0,0
BRDA:401,46,1,0
BRDA:402,47,0,0
BRDA:402,47,1,0
BRDA:409,48,0,0
BRDA:409,48,1,0
BRDA:419,49,0,0
BRDA:419,49,1,0
BRF:102
BRH:19
end_of_record
TN:
SF:src\modules\auth\auth.routes.js
FNF:0
FNH:0
DA:15,1
DA:17,1
DA:18,1
DA:19,1
DA:20,1
DA:21,1
DA:22,1
DA:23,1
DA:24,1
LF:9
LH:9
BRF:0
BRH:0
end_of_record
TN:
SF:src\modules\bannerCampaign\bannerCampaign.controller.js
FN:6,(anonymous_0)
FN:15,(anonymous_1)
FN:20,(anonymous_2)
FN:26,(anonymous_3)
FN:42,(anonymous_4)
FN:52,(anonymous_5)
FN:75,(anonymous_6)
FN:83,(anonymous_7)
FN:84,(anonymous_8)
FN:85,(anonymous_9)
FN:96,(anonymous_10)
FN:119,(anonymous_11)
FNF:12
FNH:0
FNDA:0,(anonymous_0)
FNDA:0,(anonymous_1)
FNDA:0,(anonymous_2)
FNDA:0,(anonymous_3)
FNDA:0,(anonymous_4)
FNDA:0,(anonymous_5)
FNDA:0,(anonymous_6)
FNDA:0,(anonymous_7)
FNDA:0,(anonymous_8)
FNDA:0,(anonymous_9)
FNDA:0,(anonymous_10)
FNDA:0,(anonymous_11)
DA:6,1
DA:7,0
DA:8,0
DA:10,0
DA:11,0
DA:15,1
DA:16,0
DA:17,0
DA:20,1
DA:21,0
DA:22,0
DA:23,0
DA:26,1
DA:27,0
DA:28,0
DA:29,0
DA:34,0
DA:42,1
DA:43,0
DA:45,0
DA:47,0
DA:48,0
DA:51,0
DA:52,0
DA:53,0
DA:54,0
DA:56,0
DA:60,0
DA:68,0
DA:69,0
DA:70,0
DA:72,0
DA:75,1
DA:76,0
DA:77,0
DA:79,0
DA:80,0
DA:83,0
DA:84,0
DA:85,0
DA:87,0
DA:88,0
DA:92,0
DA:93,0
DA:95,0
DA:96,0
DA:97,0
DA:98,0
DA:100,0
DA:104,0
DA:105,0
DA:106,0
DA:107,0
DA:109,0
DA:112,0
DA:113,0
DA:114,0
DA:116,0
DA:119,1
DA:120,0
DA:121,0
DA:123,0
DA:124,0
DA:125,0
DA:129,0
DA:132,0
DA:133,0
DA:134,0
DA:136,0
LF:69
LH:7
BRDA:8,0,0,0
BRDA:8,0,1,0
BRDA:22,1,0,0
BRDA:22,1,1,0
BRDA:27,2,0,0
BRDA:27,3,0,0
BRDA:47,4,0,0
BRDA:47,4,1,0
BRDA:47,5,0,0
BRDA:47,5,1,0
BRDA:53,6,0,0
BRDA:53,6,1,0
BRDA:64,7,0,0
BRDA:64,7,1,0
BRDA:77,8,0,0
BRDA:77,8,1,0
BRDA:92,9,0,0
BRDA:92,9,1,0
BRDA:92,10,0,0
BRDA:92,10,1,0
BRDA:97,11,0,0
BRDA:97,11,1,0
BRDA:107,12,0,0
BRDA:107,12,1,0
BRDA:107,13,0,0
BRDA:107,13,1,0
BRDA:121,14,0,0
BRDA:121,14,1,0
BRDA:124,15,0,0
BRDA:124,15,1,0
BRF:30
BRH:0
end_of_record
TN:
SF:src\modules\bannerCampaign\bannerCampaign.model.js
FN:19,(anonymous_0)
FNF:1
FNH:0
FNDA:0,(anonymous_0)
DA:3,1
DA:11,1
DA:19,1
DA:20,0
DA:21,0
LF:5
LH:3
BRDA:20,0,0,0
BRDA:20,0,1,0
BRF:2
BRH:0
end_of_record
TN:
SF:src\modules\bannerCampaign\bannerCampaign.routes.js
FNF:0
FNH:0
DA:16,1
DA:18,1
DA:19,1
DA:22,1
DA:26,1
LF:5
LH:5
BRF:0
BRH:0
end_of_record
TN:
SF:src\modules\blog\blog-image.route.js
FN:9,(anonymous_0)
FNF:1
FNH:0
FNDA:0,(anonymous_0)
DA:7,1
DA:9,1
DA:10,0
DA:11,0
DA:12,0
DA:13,0
DA:15,0
DA:16,0
LF:8
LH:2
BRDA:11,0,0,0
BRDA:11,0,1,0
BRF:2
BRH:0
end_of_record
TN:
SF:src\modules\blog\blog.controller.js
FN:9,(anonymous_0)
FN:51,(anonymous_1)
FN:83,(anonymous_2)
FN:96,(anonymous_3)
FN:106,(anonymous_4)
FN:143,(anonymous_5)
FNF:6
FNH:0
FNDA:0,(anonymous_0)
FNDA:0,(anonymous_1)
FNDA:0,(anonymous_2)
FNDA:0,(anonymous_3)
FNDA:0,(anonymous_4)
FNDA:0,(anonymous_5)
DA:9,1
DA:10,0
DA:12,0
DA:13,0
DA:15,0
DA:16,0
DA:17,0
DA:20,0
DA:21,0
DA:26,0
DA:27,0
DA:28,0
DA:30,0
DA:31,0
DA:33,0
DA:45,0
DA:47,0
DA:51,1
DA:52,0
DA:53,0
DA:55,0
DA:56,0
DA:59,0
DA:61,0
DA:62,0
DA:68,0
DA:69,0
DA:72,0
DA:74,0
DA:83,1
DA:84,0
DA:91,0
DA:92,0
DA:96,1
DA:97,0
DA:101,0
DA:102,0
DA:106,1
DA:107,0
DA:108,0
DA:110,0
DA:113,0
DA:115,0
DA:117,0
DA:120,0
DA:121,0
DA:122,0
DA:125,0
DA:126,0
DA:127,0
DA:128,0
DA:131,0
DA:132,0
DA:135,0
DA:137,0
DA:138,0
DA:139,0
DA:143,1
DA:144,0
DA:145,0
DA:148,0
DA:150,0
DA:151,0
DA:152,0
LF:64
LH:6
BRDA:13,0,0,0
BRDA:13,0,1,0
BRDA:16,1,0,0
BRDA:16,1,1,0
BRDA:20,2,0,0
BRDA:20,2,1,0
BRDA:31,3,0,0
BRDA:31,3,1,0
BRDA:31,4,0,0
BRDA:31,4,1,0
BRDA:39,5,0,0
BRDA:39,5,1,0
BRDA:52,6,0,0
BRDA:52,7,0,0
BRDA:52,8,0,0
BRDA:55,9,0,0
BRDA:55,9,1,0
BRDA:59,10,0,0
BRDA:59,10,1,0
BRDA:68,11,0,0
BRDA:68,11,1,0
BRDA:91,12,0,0
BRDA:91,12,1,0
BRDA:101,13,0,0
BRDA:101,13,1,0
BRDA:108,14,0,0
BRDA:108,14,1,0
BRDA:113,15,0,0
BRDA:113,15,1,0
BRDA:115,16,0,0
BRDA:115,16,1,0
BRDA:120,17,0,0
BRDA:120,17,1,0
BRDA:125,18,0,0
BRDA:125,18,1,0
BRDA:131,19,0,0
BRDA:131,19,1,0
BRDA:132,20,0,0
BRDA:132,20,1,0
BRDA:145,21,0,0
BRDA:145,21,1,0
BRDA:148,22,0,0
BRDA:148,22,1,0
BRF:43
BRH:0
end_of_record
TN:
SF:src\modules\blog\blog.model.js
FNF:0
FNH:0
DA:3,1
DA:31,1
DA:32,1
LF:3
LH:3
BRDA:34,0,0,1
BRDA:34,0,1,1
BRF:2
BRH:2
end_of_record
TN:
SF:src\modules\blog\blog.route.js
FNF:0
FNH:0
DA:14,1
DA:17,1
DA:22,1
DA:28,1
LF:4
LH:4
BRF:0
BRH:0
end_of_record
TN:
SF:src\modules\cart\cart.controller.js
FN:6,(anonymous_0)
FN:11,(anonymous_1)
FN:26,(anonymous_2)
FN:43,(anonymous_3)
FN:48,(anonymous_4)
FN:49,(anonymous_5)
FN:70,(anonymous_6)
FN:80,(anonymous_7)
FN:91,(anonymous_8)
FN:121,(anonymous_9)
FN:131,(anonymous_10)
FN:141,(anonymous_11)
FN:147,(anonymous_12)
FN:167,(anonymous_13)
FN:175,(anonymous_14)
FN:192,(anonymous_15)
FN:200,(anonymous_16)
FN:208,(anonymous_17)
FN:215,(anonymous_18)
FN:246,(anonymous_19)
FN:256,(anonymous_20)
FN:271,(anonymous_21)
FNF:22
FNH:0
FNDA:0,(anonymous_0)
FNDA:0,(anonymous_1)
FNDA:0,(anonymous_2)
FNDA:0,(anonymous_3)
FNDA:0,(anonymous_4)
FNDA:0,(anonymous_5)
FNDA:0,(anonymous_6)
FNDA:0,(anonymous_7)
FNDA:0,(anonymous_8)
FNDA:0,(anonymous_9)
FNDA:0,(anonymous_10)
FNDA:0,(anonymous_11)
FNDA:0,(anonymous_12)
FNDA:0,(anonymous_13)
FNDA:0,(anonymous_14)
FNDA:0,(anonymous_15)
FNDA:0,(anonymous_16)
FNDA:0,(anonymous_17)
FNDA:0,(anonymous_18)
FNDA:0,(anonymous_19)
FNDA:0,(anonymous_20)
FNDA:0,(anonymous_21)
DA:6,1
DA:7,0
DA:8,0
DA:10,0
DA:11,0
DA:12,0
DA:14,0
DA:18,0
DA:19,0
DA:23,0
DA:26,1
DA:27,0
DA:28,0
DA:30,0
DA:33,0
DA:37,0
DA:38,0
DA:39,0
DA:43,0
DA:45,0
DA:47,0
DA:48,0
DA:49,0
DA:54,0
DA:57,0
DA:58,0
DA:61,0
DA:63,0
DA:70,1
DA:71,0
DA:72,0
DA:74,0
DA:75,0
DA:77,0
DA:78,0
DA:80,0
DA:81,0
DA:82,0
DA:85,0
DA:86,0
DA:87,0
DA:90,0
DA:91,0
DA:94,0
DA:96,0
DA:97,0
DA:98,0
DA:102,0
DA:104,0
DA:107,0
DA:109,0
DA:110,0
DA:112,0
DA:114,0
DA:121,1
DA:122,0
DA:123,0
DA:125,0
DA:126,0
DA:129,0
DA:130,0
DA:131,0
DA:133,0
DA:134,0
DA:135,0
DA:136,0
DA:137,0
DA:140,0
DA:141,0
DA:144,0
DA:146,0
DA:147,0
DA:148,0
DA:149,0
DA:152,0
DA:153,0
DA:155,0
DA:156,0
DA:158,0
DA:160,0
DA:167,1
DA:168,0
DA:169,0
DA:171,0
DA:172,0
DA:174,0
DA:175,0
DA:178,0
DA:180,0
DA:181,0
DA:183,0
DA:185,0
DA:192,1
DA:193,0
DA:194,0
DA:196,0
DA:197,0
DA:199,0
DA:200,0
DA:202,0
DA:204,0
DA:207,0
DA:208,0
DA:209,0
DA:210,0
DA:214,0
DA:215,0
DA:218,0
DA:220,0
DA:221,0
DA:222,0
DA:226,0
DA:227,0
DA:229,0
DA:232,0
DA:234,0
DA:235,0
DA:237,0
DA:239,0
DA:246,1
DA:247,0
DA:248,0
DA:249,0
DA:250,0
DA:251,0
DA:253,0
DA:256,1
DA:257,0
DA:258,0
DA:260,0
DA:261,0
DA:264,0
DA:265,0
DA:266,0
DA:269,0
DA:270,0
DA:272,0
DA:276,0
DA:277,0
DA:279,0
DA:287,0
DA:289,0
DA:290,0
DA:292,0
DA:293,0
LF:145
LH:8
BRDA:10,0,0,0
BRDA:10,0,1,0
BRDA:10,1,0,0
BRDA:10,1,1,0
BRDA:12,2,0,0
BRDA:12,2,1,0
BRDA:12,3,0,0
BRDA:12,3,1,0
BRDA:14,4,0,0
BRDA:14,4,1,0
BRDA:27,5,0,0
BRDA:27,5,1,0
BRDA:30,6,0,0
BRDA:30,6,1,0
BRDA:37,7,0,0
BRDA:37,7,1,0
BRDA:43,8,0,0
BRDA:43,8,1,0
BRDA:45,9,0,0
BRDA:45,9,1,0
BRDA:48,10,0,0
BRDA:48,10,1,0
BRDA:50,11,0,0
BRDA:50,11,1,0
BRDA:51,12,0,0
BRDA:51,12,1,0
BRDA:72,13,0,0
BRDA:72,13,1,0
BRDA:75,14,0,0
BRDA:75,14,1,0
BRDA:78,15,0,0
BRDA:78,15,1,0
BRDA:81,16,0,0
BRDA:81,16,1,0
BRDA:81,17,0,0
BRDA:81,17,1,0
BRDA:86,18,0,0
BRDA:86,18,1,0
BRDA:91,19,0,0
BRDA:91,19,1,0
BRDA:94,20,0,0
BRDA:94,20,1,0
BRDA:97,21,0,0
BRDA:97,21,1,0
BRDA:123,22,0,0
BRDA:123,22,1,0
BRDA:126,23,0,0
BRDA:126,23,1,0
BRDA:129,24,0,0
BRDA:129,24,1,0
BRDA:131,25,0,0
BRDA:131,25,1,0
BRDA:141,26,0,0
BRDA:141,26,1,0
BRDA:144,27,0,0
BRDA:144,27,1,0
BRDA:148,28,0,0
BRDA:148,28,1,0
BRDA:148,29,0,0
BRDA:148,29,1,0
BRDA:169,30,0,0
BRDA:169,30,1,0
BRDA:172,31,0,0
BRDA:172,31,1,0
BRDA:175,32,0,0
BRDA:175,32,1,0
BRDA:194,33,0,0
BRDA:194,33,1,0
BRDA:197,34,0,0
BRDA:197,34,1,0
BRDA:200,35,0,0
BRDA:200,35,1,0
BRDA:202,36,0,0
BRDA:202,36,1,0
BRDA:209,37,0,0
BRDA:209,37,1,0
BRDA:209,38,0,0
BRDA:209,38,1,0
BRDA:215,39,0,0
BRDA:215,39,1,0
BRDA:218,40,0,0
BRDA:218,40,1,0
BRDA:221,41,0,0
BRDA:221,41,1,0
BRDA:247,42,0,0
BRDA:247,42,1,0
BRDA:249,43,0,0
BRDA:249,43,1,0
BRDA:258,44,0,0
BRDA:258,44,1,0
BRDA:260,45,0,0
BRDA:260,45,1,0
BRDA:265,46,0,0
BRDA:265,46,1,0
BRDA:272,47,0,0
BRDA:272,47,1,0
BRDA:276,48,0,0
BRDA:276,48,1,0
BRF:98
BRH:0
end_of_record
TN:
SF:src\modules\cart\cart.model.js
FN:31,(anonymous_0)
FNF:1
FNH:0
FNDA:0,(anonymous_0)
DA:3,1
DA:22,1
DA:31,1
DA:32,0
DA:33,0
DA:36,0
DA:38,0
DA:39,0
DA:41,0
DA:42,0
DA:44,0
DA:48,0
DA:49,0
DA:52,0
LF:14
LH:3
BRDA:32,0,0,0
BRDA:32,0,1,0
BRDA:32,1,0,0
BRDA:32,1,1,0
BRDA:42,2,0,0
BRDA:42,2,1,0
BRDA:42,3,0,0
BRDA:42,3,1,0
BRDA:44,4,0,0
BRDA:44,4,1,0
BRF:10
BRH:0
end_of_record
TN:
SF:src\modules\cart\cart.routes.js
FNF:0
FNH:0
DA:13,1
DA:15,1
DA:17,1
DA:21,1
DA:22,1
DA:23,1
DA:24,1
DA:25,1
LF:8
LH:8
BRF:0
BRH:0
end_of_record
TN:
SF:src\modules\category\category.model.js
FN:25,(anonymous_0)
FNF:1
FNH:0
FNDA:0,(anonymous_0)
DA:6,1
DA:25,1
DA:27,0
DA:30,0
DA:33,0
LF:5
LH:2
BRF:0
BRH:0
end_of_record
TN:
SF:src\modules\category\controllers\admin.category.controller.js
FN:6,(anonymous_0)
FN:27,(anonymous_1)
FN:58,(anonymous_2)
FN:74,(anonymous_3)
FN:94,(anonymous_4)
FNF:5
FNH:0
FNDA:0,(anonymous_0)
FNDA:0,(anonymous_1)
FNDA:0,(anonymous_2)
FNDA:0,(anonymous_3)
FNDA:0,(anonymous_4)
DA:6,1
DA:7,0
DA:8,0
DA:9,0
DA:11,0
DA:19,0
DA:20,0
DA:21,0
DA:22,0
DA:24,0
DA:27,1
DA:28,0
DA:29,0
DA:31,0
DA:32,0
DA:33,0
DA:36,0
DA:43,0
DA:50,0
DA:51,0
DA:52,0
DA:53,0
DA:55,0
DA:58,1
DA:59,0
DA:60,0
DA:62,0
DA:63,0
DA:66,0
DA:67,0
DA:68,0
DA:69,0
DA:71,0
DA:74,1
DA:75,0
DA:76,0
DA:77,0
DA:78,0
DA:80,0
DA:81,0
DA:86,0
DA:94,1
DA:95,0
DA:96,0
DA:97,0
LF:45
LH:5
BRDA:8,0,0,0
BRDA:8,0,1,0
BRDA:29,1,0,0
BRDA:29,1,1,0
BRDA:32,2,0,0
BRDA:32,2,1,0
BRDA:37,3,0,0
BRDA:37,3,1,0
BRDA:38,4,0,0
BRDA:38,4,1,0
BRDA:39,5,0,0
BRDA:39,5,1,0
BRDA:60,6,0,0
BRDA:60,6,1,0
BRDA:62,7,0,0
BRDA:62,7,1,0
BRDA:75,8,0,0
BRDA:75,9,0,0
BRDA:75,10,0,0
BRDA:77,11,0,0
BRDA:77,11,1,0
BRDA:96,12,0,0
BRDA:96,12,1,0
BRF:23
BRH:0
end_of_record
TN:
SF:src\modules\category\controllers\public.category.controller.js
FN:4,(anonymous_0)
FN:22,(anonymous_1)
FNF:2
FNH:0
FNDA:0,(anonymous_0)
FNDA:0,(anonymous_1)
DA:4,1
DA:6,0
DA:11,0
DA:19,0
DA:22,1
DA:23,0
DA:25,0
DA:26,0
LF:8
LH:2
BRDA:25,0,0,0
BRDA:25,0,1,0
BRF:2
BRH:0
end_of_record
TN:
SF:src\modules\category\routes\admin.category.routes.js
FNF:0
FNH:0
DA:13,1
DA:15,1
DA:17,1
DA:21,1
LF:4
LH:4
BRF:0
BRH:0
end_of_record
TN:
SF:src\modules\category\routes\public.category.routes.js
FNF:0
FNH:0
DA:9,1
DA:11,1
DA:12,1
LF:3
LH:3
BRF:0
BRH:0
end_of_record
TN:
SF:src\modules\chat\chat.controller.js
FN:10,(anonymous_0)
FN:39,(anonymous_1)
FN:53,(anonymous_2)
FN:57,(anonymous_3)
FN:57,(anonymous_4)
FN:70,(anonymous_5)
FN:89,(anonymous_6)
FN:119,(anonymous_7)
FN:142,(anonymous_8)
FN:170,(anonymous_9)
FN:197,(anonymous_10)
FN:229,(anonymous_11)
FNF:12
FNH:0
FNDA:0,(anonymous_0)
FNDA:0,(anonymous_1)
FNDA:0,(anonymous_2)
FNDA:0,(anonymous_3)
FNDA:0,(anonymous_4)
FNDA:0,(anonymous_5)
FNDA:0,(anonymous_6)
FNDA:0,(anonymous_7)
FNDA:0,(anonymous_8)
FNDA:0,(anonymous_9)
FNDA:0,(anonymous_10)
FNDA:0,(anonymous_11)
DA:10,1
DA:11,0
DA:12,0
DA:13,0
DA:14,0
DA:17,0
DA:22,0
DA:25,0
DA:32,0
DA:39,1
DA:40,0
DA:53,0
DA:54,0
DA:57,0
DA:60,0
DA:63,0
DA:70,1
DA:71,0
DA:72,0
DA:73,0
DA:74,0
DA:75,0
DA:77,0
DA:78,0
DA:79,0
DA:82,0
DA:84,0
DA:86,0
DA:87,0
DA:88,0
DA:89,0
DA:90,0
DA:95,0
DA:101,0
DA:102,0
DA:107,0
DA:108,0
DA:113,0
DA:119,1
DA:120,0
DA:121,0
DA:124,0
DA:136,0
DA:142,1
DA:143,0
DA:144,0
DA:145,0
DA:147,0
DA:159,0
DA:164,0
DA:170,1
DA:171,0
DA:176,0
DA:177,0
DA:181,0
DA:191,0
DA:197,1
DA:198,0
DA:199,0
DA:201,0
DA:210,0
DA:211,0
DA:215,0
DA:222,0
DA:229,1
DA:230,0
DA:231,0
DA:232,0
DA:234,0
DA:236,0
DA:238,0
DA:239,0
DA:244,0
DA:249,0
DA:250,0
DA:258,0
LF:76
LH:8
BRDA:13,0,0,0
BRDA:13,0,1,0
BRDA:14,1,0,0
BRDA:14,1,1,0
BRDA:22,2,0,0
BRDA:22,2,1,0
BRDA:57,3,0,0
BRDA:57,3,1,0
BRDA:72,4,0,0
BRDA:72,4,1,0
BRDA:73,5,0,0
BRDA:73,5,1,0
BRDA:73,5,2,0
BRDA:78,6,0,0
BRDA:78,6,1,0
BRDA:82,7,0,0
BRDA:82,7,1,0
BRDA:86,8,0,0
BRDA:86,8,1,0
BRDA:86,9,0,0
BRDA:86,9,1,0
BRDA:88,10,0,0
BRDA:88,10,1,0
BRDA:90,11,0,0
BRDA:90,11,1,0
BRDA:98,12,0,0
BRDA:98,12,1,0
BRDA:101,13,0,0
BRDA:101,13,1,0
BRDA:107,14,0,0
BRDA:107,14,1,0
BRDA:121,15,0,0
BRDA:121,15,1,0
BRDA:144,16,0,0
BRDA:144,16,1,0
BRDA:145,17,0,0
BRDA:145,17,1,0
BRDA:176,18,0,0
BRDA:176,18,1,0
BRDA:199,19,0,0
BRDA:199,19,1,0
BRDA:210,20,0,0
BRDA:210,20,1,0
BRDA:231,21,0,0
BRDA:231,21,1,0
BRDA:232,22,0,0
BRDA:232,22,1,0
BRDA:232,22,2,0
BRDA:238,23,0,0
BRDA:238,23,1,0
BRDA:249,24,0,0
BRDA:249,24,1,0
BRF:52
BRH:0
end_of_record
TN:
SF:src\modules\chat\chat.model.js
FNF:0
FNH:0
DA:3,1
DA:17,1
DA:19,1
DA:35,1
DA:37,1
DA:38,1
LF:6
LH:6
BRF:0
BRH:0
end_of_record
TN:
SF:src\modules\chat\chat.routes.js
FN:19,(anonymous_0)
FNF:1
FNH:0
FNDA:0,(anonymous_0)
DA:7,1
DA:10,1
DA:13,1
DA:14,1
DA:15,1
DA:16,1
DA:19,1
DA:20,0
DA:21,0
DA:22,0
DA:23,0
DA:25,0
DA:26,0
DA:31,1
DA:32,1
DA:33,1
LF:16
LH:10
BRDA:21,0,0,0
BRDA:21,0,1,0
BRF:2
BRH:0
end_of_record
TN:
SF:src\modules\coupon\coupon.controller.js
FN:6,(anonymous_0)
FN:12,(anonymous_1)
FN:32,(anonymous_2)
FN:63,(anonymous_3)
FN:69,(anonymous_4)
FN:75,(anonymous_5)
FNF:6
FNH:0
FNDA:0,(anonymous_0)
FNDA:0,(anonymous_1)
FNDA:0,(anonymous_2)
FNDA:0,(anonymous_3)
FNDA:0,(anonymous_4)
FNDA:0,(anonymous_5)
DA:6,1
DA:7,0
DA:8,0
DA:9,0
DA:12,1
DA:13,0
DA:14,0
DA:15,0
DA:16,0
DA:18,0
DA:19,0
DA:24,0
DA:32,1
DA:33,0
DA:34,0
DA:35,0
DA:38,0
DA:39,0
DA:41,0
DA:48,0
DA:50,0
DA:63,1
DA:64,0
DA:65,0
DA:66,0
DA:69,1
DA:70,0
DA:71,0
DA:72,0
DA:75,1
DA:76,0
DA:77,0
DA:78,0
DA:80,0
DA:81,0
DA:82,0
DA:83,0
DA:84,0
DA:86,0
DA:87,0
DA:88,0
DA:89,0
DA:91,0
DA:94,0
LF:44
LH:6
BRDA:13,0,0,0
BRDA:13,1,0,0
BRDA:13,2,0,0
BRDA:15,3,0,0
BRDA:15,3,1,0
BRDA:33,4,0,0
BRDA:33,5,0,0
BRDA:35,6,0,0
BRDA:35,6,1,0
BRDA:78,7,0,0
BRDA:78,7,1,0
BRDA:81,8,0,0
BRDA:81,8,1,0
BRDA:82,9,0,0
BRDA:82,9,1,0
BRDA:82,10,0,0
BRDA:82,10,1,0
BRDA:83,11,0,0
BRDA:83,11,1,0
BRDA:83,12,0,0
BRDA:83,12,1,0
BRDA:84,13,0,0
BRDA:84,13,1,0
BRDA:87,14,0,0
BRDA:87,14,1,0
BRDA:89,15,0,0
BRDA:89,15,1,0
BRDA:89,16,0,0
BRDA:89,16,1,0
BRF:29
BRH:0
end_of_record
TN:
SF:src\modules\coupon\coupon.model.js
FNF:0
FNH:0
DA:3,1
LF:1
LH:1
BRF:0
BRH:0
end_of_record
TN:
SF:src\modules\coupon\coupon.routes.js
FNF:0
FNH:0
DA:6,1
DA:8,1
DA:11,1
DA:15,1
LF:4
LH:4
BRF:0
BRH:0
end_of_record
TN:
SF:src\modules\flashSale\flashSale.model.js
FN:47,(anonymous_0)
FNF:1
FNH:0
FNDA:0,(anonymous_0)
DA:4,1
DA:47,1
DA:48,0
DA:50,0
DA:52,0
DA:57,0
DA:58,0
DA:61,0
DA:64,1
DA:65,1
LF:10
LH:4
BRDA:48,0,0,0
BRDA:48,0,1,0
BRDA:48,1,0,0
BRDA:48,1,1,0
BRDA:57,2,0,0
BRDA:57,2,1,0
BRDA:67,3,0,1
BRDA:67,3,1,1
BRF:8
BRH:2
end_of_record
TN:
SF:src\modules\flashSale\controllers\admin.flashSale.controller.js
FN:13,(anonymous_0)
FN:54,(anonymous_1)
FN:73,(anonymous_2)
FN:91,(anonymous_3)
FN:113,(anonymous_4)
FN:125,(anonymous_5)
FNF:6
FNH:0
FNDA:0,(anonymous_0)
FNDA:0,(anonymous_1)
FNDA:0,(anonymous_2)
FNDA:0,(anonymous_3)
FNDA:0,(anonymous_4)
FNDA:0,(anonymous_5)
DA:5,1
DA:13,1
DA:17,0
DA:19,0
DA:20,0
DA:23,0
DA:24,0
DA:25,0
DA:28,0
DA:29,0
DA:30,0
DA:33,0
DA:46,0
DA:47,0
DA:48,0
DA:49,0
DA:51,0
DA:54,1
DA:55,0
DA:56,0
DA:57,0
DA:59,0
DA:61,0
DA:62,0
DA:63,0
DA:66,0
DA:67,0
DA:68,0
DA:69,0
DA:72,0
DA:73,0
DA:76,0
DA:83,0
DA:84,0
DA:85,0
DA:86,0
DA:88,0
DA:91,1
DA:92,0
DA:93,0
DA:94,0
DA:95,0
DA:98,0
DA:99,0
DA:105,0
DA:113,1
DA:114,0
DA:117,0
DA:118,0
DA:119,0
DA:120,0
DA:122,0
DA:125,1
DA:126,0
DA:127,0
DA:128,0
LF:56
LH:6
BRDA:19,0,0,0
BRDA:19,0,1,0
BRDA:19,1,0,0
BRDA:19,1,1,0
BRDA:19,1,2,0
BRDA:19,1,3,0
BRDA:23,2,0,0
BRDA:23,2,1,0
BRDA:24,3,0,0
BRDA:24,3,1,0
BRDA:24,4,0,0
BRDA:24,4,1,0
BRDA:29,5,0,0
BRDA:29,5,1,0
BRDA:35,6,0,0
BRDA:35,6,1,0
BRDA:40,7,0,0
BRDA:40,7,1,0
BRDA:42,8,0,0
BRDA:42,8,1,0
BRDA:57,9,0,0
BRDA:57,9,1,0
BRDA:61,10,0,0
BRDA:61,10,1,0
BRDA:62,11,0,0
BRDA:62,11,1,0
BRDA:63,12,0,0
BRDA:63,12,1,0
BRDA:66,13,0,0
BRDA:66,13,1,0
BRDA:68,14,0,0
BRDA:68,14,1,0
BRDA:72,15,0,0
BRDA:72,15,1,0
BRDA:72,16,0,0
BRDA:72,16,1,0
BRDA:73,17,0,0
BRDA:73,17,1,0
BRDA:92,18,0,0
BRDA:92,19,0,0
BRDA:92,20,0,0
BRDA:94,21,0,0
BRDA:94,21,1,0
BRDA:127,22,0,0
BRDA:127,22,1,0
BRF:45
BRH:0
end_of_record
TN:
SF:src\modules\flashSale\controllers\public.flashSale.controller.js
FN:12,(anonymous_0)
FN:37,(anonymous_1)
FN:38,(anonymous_2)
FN:56,(anonymous_3)
FN:76,(anonymous_4)
FN:91,(anonymous_5)
FN:107,(anonymous_6)
FNF:7
FNH:0
FNDA:0,(anonymous_0)
FNDA:0,(anonymous_1)
FNDA:0,(anonymous_2)
FNDA:0,(anonymous_3)
FNDA:0,(anonymous_4)
FNDA:0,(anonymous_5)
FNDA:0,(anonymous_6)
DA:4,1
DA:12,1
DA:13,0
DA:14,0
DA:37,0
DA:38,0
DA:39,0
DA:40,0
DA:41,0
DA:50,0
DA:53,0
DA:56,1
DA:57,0
DA:58,0
DA:74,0
DA:76,0
DA:77,0
DA:78,0
DA:79,0
DA:88,0
DA:91,1
DA:92,0
DA:93,0
DA:105,0
DA:107,0
DA:108,0
DA:109,0
DA:118,0
DA:119,0
LF:29
LH:4
BRDA:38,0,0,0
BRDA:38,0,1,0
BRDA:74,1,0,0
BRDA:74,1,1,0
BRDA:76,2,0,0
BRDA:76,2,1,0
BRDA:105,3,0,0
BRDA:105,3,1,0
BRDA:107,4,0,0
BRDA:107,4,1,0
BRF:10
BRH:0
end_of_record
TN:
SF:src\modules\flashSale\routes\admin.flashSale.routes.js
FNF:0
FNH:0
DA:12,1
DA:14,1
DA:16,1
DA:20,1
LF:4
LH:4
BRF:0
BRH:0
end_of_record
TN:
SF:src\modules\flashSale\routes\public.flashSale.routes.js
FNF:0
FNH:0
DA:10,1
DA:12,1
DA:13,1
DA:14,1
LF:4
LH:4
BRF:0
BRH:0
end_of_record
TN:
SF:src\modules\homeLayout\homeLayout.controller.js
FN:5,(anonymous_0)
FN:24,(anonymous_1)
FN:47,(anonymous_2)
FN:64,(anonymous_3)
FN:89,(anonymous_4)
FN:108,(anonymous_5)
FNF:6
FNH:0
FNDA:0,(anonymous_0)
FNDA:0,(anonymous_1)
FNDA:0,(anonymous_2)
FNDA:0,(anonymous_3)
FNDA:0,(anonymous_4)
FNDA:0,(anonymous_5)
DA:5,1
DA:6,0
DA:8,0
DA:9,0
DA:17,0
DA:20,0
DA:24,1
DA:25,0
DA:27,0
DA:29,0
DA:32,0
DA:33,0
DA:43,0
DA:47,1
DA:48,0
DA:51,0
DA:52,0
DA:54,0
DA:60,0
DA:64,1
DA:65,0
DA:66,0
DA:69,0
DA:70,0
DA:71,0
DA:73,0
DA:74,0
DA:77,0
DA:83,0
DA:85,0
DA:89,1
DA:90,0
DA:93,0
DA:96,0
DA:102,0
DA:104,0
DA:108,1
DA:109,0
DA:110,0
DA:112,0
DA:113,0
DA:115,0
DA:116,0
LF:43
LH:6
BRDA:8,0,0,0
BRDA:8,0,1,0
BRDA:27,1,0,0
BRDA:27,1,1,0
BRDA:32,2,0,0
BRDA:32,2,1,0
BRDA:52,3,0,0
BRDA:52,3,1,0
BRDA:55,4,0,0
BRDA:55,4,1,0
BRDA:70,5,0,0
BRDA:70,5,1,0
BRDA:71,6,0,0
BRDA:71,6,1,0
BRDA:73,7,0,0
BRDA:73,7,1,0
BRDA:83,8,0,0
BRDA:83,8,1,0
BRDA:102,9,0,0
BRDA:102,9,1,0
BRDA:112,10,0,0
BRDA:112,10,1,0
BRDA:113,11,0,0
BRDA:113,11,1,0
BRF:24
BRH:0
end_of_record
TN:
SF:src\modules\homeLayout\homeLayout.model.js
FNF:0
FNH:0
DA:3,1
DA:36,1
LF:2
LH:2
BRF:0
BRH:0
end_of_record
TN:
SF:src\modules\homeLayout\homeLayout.routes.js
FNF:0
FNH:0
DA:15,1
DA:18,1
DA:19,1
DA:22,1
DA:23,1
DA:24,1
DA:25,1
DA:26,1
DA:27,1
DA:28,1
LF:10
LH:10
BRF:0
BRH:0
end_of_record
TN:
SF:src\modules\order\order.gateway.js
FN:10,(anonymous_0)
FN:65,(anonymous_1)
FN:71,(anonymous_2)
FNF:3
FNH:0
FNDA:0,(anonymous_0)
FNDA:0,(anonymous_1)
FNDA:0,(anonymous_2)
DA:5,1
DA:6,1
DA:10,1
DA:11,0
DA:12,0
DA:13,0
DA:14,0
DA:16,0
DA:18,0
DA:52,0
DA:53,0
DA:54,0
DA:55,0
DA:57,0
DA:58,0
DA:61,0
DA:65,1
DA:66,0
DA:67,0
DA:68,0
DA:71,1
DA:72,0
LF:22
LH:5
BRDA:5,0,0,1
BRDA:5,0,1,0
BRDA:6,1,0,1
BRDA:6,1,1,0
BRDA:11,2,0,0
BRDA:11,2,1,0
BRDA:12,3,0,0
BRDA:12,3,1,0
BRDA:13,4,0,0
BRDA:13,4,1,0
BRDA:14,5,0,0
BRDA:14,5,1,0
BRDA:27,6,0,0
BRDA:27,6,1,0
BRDA:28,7,0,0
BRDA:28,7,1,0
BRDA:29,8,0,0
BRDA:29,8,1,0
BRDA:30,9,0,0
BRDA:30,9,1,0
BRDA:37,10,0,0
BRDA:37,10,1,0
BRDA:38,11,0,0
BRDA:38,11,1,0
BRDA:40,12,0,0
BRDA:40,12,1,0
BRDA:54,13,0,0
BRDA:54,13,1,0
BRDA:58,14,0,0
BRDA:58,14,1,0
BRF:30
BRH:2
end_of_record
TN:
SF:src\modules\order\order.model.js
FNF:0
FNH:0
DA:3,1
DA:16,1
DA:69,1
DA:70,1
LF:4
LH:4
BRDA:72,0,0,1
BRDA:72,0,1,1
BRF:2
BRH:2
end_of_record
TN:
SF:src\modules\order\order.service.js
FN:11,(anonymous_0)
FN:46,(anonymous_1)
FN:60,(anonymous_2)
FNF:3
FNH:0
FNDA:0,(anonymous_0)
FNDA:0,(anonymous_1)
FNDA:0,(anonymous_2)
DA:11,1
DA:12,0
DA:13,0
DA:14,0
DA:16,0
DA:19,0
DA:22,0
DA:23,0
DA:24,0
DA:25,0
DA:28,0
DA:32,0
DA:33,0
DA:34,0
DA:36,0
DA:37,0
DA:38,0
DA:39,0
DA:46,1
DA:47,0
DA:48,0
DA:49,0
DA:50,0
DA:51,0
DA:52,0
DA:55,0
DA:56,0
DA:60,0
DA:67,0
DA:68,0
DA:72,0
DA:73,0
DA:81,0
DA:82,0
DA:83,0
DA:85,0
DA:87,0
DA:88,0
DA:89,0
DA:91,0
DA:92,0
DA:93,0
DA:94,0
LF:43
LH:2
BRDA:11,0,0,0
BRDA:22,1,0,0
BRDA:22,1,1,0
BRDA:51,2,0,0
BRDA:51,2,1,0
BRDA:55,3,0,0
BRDA:55,3,1,0
BRDA:67,4,0,0
BRDA:67,4,1,0
BRDA:72,5,0,0
BRDA:72,5,1,0
BRDA:82,6,0,0
BRDA:82,6,1,0
BRF:13
BRH:0
end_of_record
TN:
SF:src\modules\order\order.utils.js
FN:8,(anonymous_0)
FN:17,(anonymous_1)
FN:19,(anonymous_2)
FN:35,(anonymous_3)
FN:57,(anonymous_4)
FN:89,(anonymous_5)
FN:96,(anonymous_6)
FN:98,(anonymous_7)
FNF:8
FNH:0
FNDA:0,(anonymous_0)
FNDA:0,(anonymous_1)
FNDA:0,(anonymous_2)
FNDA:0,(anonymous_3)
FNDA:0,(anonymous_4)
FNDA:0,(anonymous_5)
FNDA:0,(anonymous_6)
FNDA:0,(anonymous_7)
DA:8,1
DA:10,0
DA:11,0
DA:12,0
DA:13,0
DA:14,0
DA:17,0
DA:18,0
DA:19,0
DA:20,0
DA:21,0
DA:24,0
DA:25,0
DA:26,0
DA:28,0
DA:30,0
DA:31,0
DA:32,0
DA:35,0
DA:36,0
DA:39,0
DA:40,0
DA:43,0
DA:44,0
DA:45,0
DA:56,0
DA:57,0
DA:60,0
DA:61,0
DA:62,0
DA:63,0
DA:65,0
DA:68,0
DA:69,0
DA:70,0
DA:71,0
DA:72,0
DA:73,0
DA:74,0
DA:79,0
DA:89,1
DA:96,1
DA:98,0
DA:109,0
DA:110,0
DA:111,0
DA:112,0
DA:113,0
DA:117,0
DA:118,0
DA:125,0
DA:126,0
DA:134,0
DA:135,0
DA:136,0
DA:138,0
LF:56
LH:3
BRDA:8,0,0,0
BRDA:10,1,0,0
BRDA:10,1,1,0
BRDA:11,2,0,0
BRDA:11,2,1,0
BRDA:12,3,0,0
BRDA:12,3,1,0
BRDA:26,4,0,0
BRDA:26,4,1,0
BRDA:26,5,0,0
BRDA:26,5,1,0
BRDA:28,6,0,0
BRDA:28,6,1,0
BRDA:30,7,0,0
BRDA:30,7,1,0
BRDA:30,8,0,0
BRDA:30,8,1,0
BRDA:31,9,0,0
BRDA:31,9,1,0
BRDA:39,10,0,0
BRDA:39,10,1,0
BRDA:39,11,0,0
BRDA:39,11,1,0
BRDA:43,12,0,0
BRDA:43,12,1,0
BRDA:51,13,0,0
BRDA:51,13,1,0
BRDA:57,14,0,0
BRDA:57,14,1,0
BRDA:57,14,2,0
BRDA:60,15,0,0
BRDA:60,15,1,0
BRDA:62,16,0,0
BRDA:62,16,1,0
BRDA:63,17,0,0
BRDA:63,17,1,0
BRDA:65,18,0,0
BRDA:65,18,1,0
BRDA:69,19,0,0
BRDA:69,19,1,0
BRDA:72,20,0,0
BRDA:72,20,1,0
BRDA:72,21,0,0
BRDA:72,21,1,0
BRDA:72,21,2,0
BRDA:72,21,3,0
BRDA:72,21,4,0
BRDA:74,22,0,0
BRDA:74,22,1,0
BRDA:75,23,0,0
BRDA:75,23,1,0
BRDA:93,24,0,0
BRDA:93,24,1,0
BRDA:96,25,0,0
BRDA:109,26,0,0
BRDA:109,26,1,0
BRDA:111,27,0,0
BRDA:111,27,1,0
BRDA:117,28,0,0
BRDA:117,28,1,0
BRDA:125,29,0,0
BRDA:125,29,1,0
BRDA:125,30,0,0
BRDA:125,30,1,0
BRF:64
BRH:0
end_of_record
TN:
SF:src\modules\order\controllers\admin.order.controller.js
FN:16,(anonymous_0)
FN:54,(anonymous_1)
FN:60,(anonymous_2)
FN:65,(anonymous_3)
FN:92,(anonymous_4)
FN:142,(anonymous_5)
FN:153,(anonymous_6)
FN:158,(anonymous_7)
FN:179,(anonymous_8)
FN:265,(anonymous_9)
FN:320,(anonymous_10)
FN:339,(anonymous_11)
FN:348,(anonymous_12)
FNF:13
FNH:0
FNDA:0,(anonymous_0)
FNDA:0,(anonymous_1)
FNDA:0,(anonymous_2)
FNDA:0,(anonymous_3)
FNDA:0,(anonymous_4)
FNDA:0,(anonymous_5)
FNDA:0,(anonymous_6)
FNDA:0,(anonymous_7)
FNDA:0,(anonymous_8)
FNDA:0,(anonymous_9)
FNDA:0,(anonymous_10)
FNDA:0,(anonymous_11)
FNDA:0,(anonymous_12)
DA:16,1
DA:17,0
DA:18,0
DA:20,0
DA:21,0
DA:24,0
DA:25,0
DA:28,0
DA:29,0
DA:30,0
DA:31,0
DA:33,0
DA:40,0
DA:41,0
DA:44,0
DA:46,0
DA:52,0
DA:54,0
DA:56,0
DA:60,0
DA:61,0
DA:62,0
DA:65,0
DA:66,0
DA:68,0
DA:83,0
DA:92,1
DA:101,0
DA:103,0
DA:109,0
DA:127,0
DA:130,0
DA:132,0
DA:134,0
DA:135,0
DA:136,0
DA:139,0
DA:142,1
DA:143,0
DA:149,0
DA:150,0
DA:153,1
DA:154,0
DA:155,0
DA:157,0
DA:158,0
DA:164,0
DA:166,0
DA:167,0
DA:173,0
DA:174,0
DA:175,0
DA:176,0
DA:177,0
DA:179,0
DA:186,0
DA:187,0
DA:188,0
DA:189,0
DA:195,0
DA:197,0
DA:198,0
DA:199,0
DA:201,0
DA:205,0
DA:206,0
DA:207,0
DA:215,0
DA:216,0
DA:217,0
DA:219,0
DA:222,0
DA:225,0
DA:226,0
DA:228,0
DA:229,0
DA:230,0
DA:231,0
DA:234,0
DA:236,0
DA:238,0
DA:239,0
DA:240,0
DA:249,0
DA:250,0
DA:251,0
DA:252,0
DA:254,0
DA:258,0
DA:262,0
DA:265,1
DA:266,0
DA:267,0
DA:269,0
DA:278,0
DA:279,0
DA:282,0
DA:283,0
DA:284,0
DA:286,0
DA:287,0
DA:288,0
DA:290,0
DA:291,0
DA:292,0
DA:293,0
DA:295,0
DA:296,0
DA:297,0
DA:298,0
DA:300,0
DA:306,0
DA:320,0
DA:323,0
DA:324,0
DA:325,0
DA:326,0
DA:327,0
DA:329,0
DA:335,0
DA:339,1
DA:340,0
DA:341,0
DA:342,0
DA:346,0
DA:347,0
DA:348,0
DA:354,0
DA:356,0
DA:360,0
DA:361,0
DA:363,0
LF:132
LH:6
BRDA:17,0,0,0
BRDA:17,1,0,0
BRDA:20,2,0,0
BRDA:20,2,1,0
BRDA:20,3,0,0
BRDA:20,3,1,0
BRDA:24,4,0,0
BRDA:24,4,1,0
BRDA:28,5,0,0
BRDA:28,5,1,0
BRDA:28,6,0,0
BRDA:28,6,1,0
BRDA:30,7,0,0
BRDA:30,7,1,0
BRDA:44,8,0,0
BRDA:44,8,1,0
BRDA:44,9,0,0
BRDA:44,9,1,0
BRDA:70,10,0,0
BRDA:70,10,1,0
BRDA:76,11,0,0
BRDA:76,11,1,0
BRDA:77,12,0,0
BRDA:77,12,1,0
BRDA:88,13,0,0
BRDA:88,13,1,0
BRDA:98,14,0,0
BRDA:99,15,0,0
BRDA:100,16,0,0
BRDA:110,17,0,0
BRDA:110,17,1,0
BRDA:135,18,0,0
BRDA:135,18,1,0
BRDA:149,19,0,0
BRDA:149,19,1,0
BRDA:155,20,0,0
BRDA:155,20,1,0
BRDA:157,21,0,0
BRDA:157,21,1,0
BRDA:164,22,0,0
BRDA:164,22,1,0
BRDA:166,23,0,0
BRDA:166,23,1,0
BRDA:186,24,0,0
BRDA:186,24,1,0
BRDA:188,25,0,0
BRDA:188,25,1,0
BRDA:197,26,0,0
BRDA:197,26,1,0
BRDA:197,27,0,0
BRDA:197,27,1,0
BRDA:206,28,0,0
BRDA:206,28,1,0
BRDA:225,29,0,0
BRDA:225,29,1,0
BRDA:228,30,0,0
BRDA:228,30,1,0
BRDA:229,31,0,0
BRDA:229,31,1,0
BRDA:230,32,0,0
BRDA:230,32,1,0
BRDA:239,33,0,0
BRDA:239,33,1,0
BRDA:249,34,0,0
BRDA:249,34,1,0
BRDA:249,35,0,0
BRDA:249,35,1,0
BRDA:267,36,0,0
BRDA:267,36,1,0
BRDA:278,37,0,0
BRDA:278,37,1,0
BRDA:286,38,0,0
BRDA:286,38,1,0
BRDA:286,39,0,0
BRDA:286,39,1,0
BRDA:286,39,2,0
BRDA:290,40,0,0
BRDA:290,40,1,0
BRDA:318,41,0,0
BRDA:318,41,1,0
BRDA:341,42,0,0
BRDA:341,42,1,0
BRDA:346,43,0,0
BRDA:346,43,1,0
BRDA:346,44,0,0
BRDA:346,44,1,0
BRDA:346,44,2,0
BRF:87
BRH:0
end_of_record
TN:
SF:src\modules\order\controllers\public.order.controller.js
FN:24,(anonymous_0)
FN:29,(anonymous_1)
FN:135,(anonymous_2)
FN:162,(anonymous_3)
FN:205,(anonymous_4)
FN:215,(anonymous_5)
FN:219,(anonymous_6)
FN:237,(anonymous_7)
FN:264,(anonymous_8)
FN:282,(anonymous_9)
FN:305,(anonymous_10)
FN:376,(anonymous_11)
FNF:12
FNH:0
FNDA:0,(anonymous_0)
FNDA:0,(anonymous_1)
FNDA:0,(anonymous_2)
FNDA:0,(anonymous_3)
FNDA:0,(anonymous_4)
FNDA:0,(anonymous_5)
FNDA:0,(anonymous_6)
FNDA:0,(anonymous_7)
FNDA:0,(anonymous_8)
FNDA:0,(anonymous_9)
FNDA:0,(anonymous_10)
FNDA:0,(anonymous_11)
DA:22,1
DA:24,1
DA:25,0
DA:26,0
DA:29,1
DA:30,0
DA:44,0
DA:46,0
DA:48,0
DA:49,0
DA:55,0
DA:56,0
DA:57,0
DA:59,0
DA:60,0
DA:61,0
DA:64,0
DA:69,0
DA:74,0
DA:76,0
DA:84,0
DA:103,0
DA:104,0
DA:105,0
DA:107,0
DA:108,0
DA:109,0
DA:112,0
DA:113,0
DA:114,0
DA:115,0
DA:116,0
DA:117,0
DA:118,0
DA:119,0
DA:121,0
DA:122,0
DA:123,0
DA:124,0
DA:127,0
DA:128,0
DA:135,1
DA:136,0
DA:137,0
DA:140,0
DA:141,0
DA:142,0
DA:143,0
DA:146,0
DA:147,0
DA:148,0
DA:149,0
DA:150,0
DA:151,0
DA:152,0
DA:154,0
DA:155,0
DA:156,0
DA:159,0
DA:162,1
DA:163,0
DA:164,0
DA:166,0
DA:167,0
DA:173,0
DA:174,0
DA:175,0
DA:176,0
DA:179,0
DA:180,0
DA:181,0
DA:182,0
DA:183,0
DA:184,0
DA:185,0
DA:186,0
DA:187,0
DA:188,0
DA:190,0
DA:191,0
DA:192,0
DA:195,0
DA:198,0
DA:199,0
DA:202,0
DA:205,1
DA:206,0
DA:207,0
DA:211,0
DA:212,0
DA:215,1
DA:216,0
DA:219,1
DA:220,0
DA:221,0
DA:222,0
DA:223,0
DA:224,0
DA:225,0
DA:226,0
DA:227,0
DA:229,0
DA:230,0
DA:231,0
DA:234,0
DA:237,1
DA:238,0
DA:239,0
DA:242,0
DA:243,0
DA:244,0
DA:245,0
DA:248,0
DA:249,0
DA:250,0
DA:252,0
DA:256,0
DA:260,0
DA:264,1
DA:265,0
DA:266,0
DA:270,0
DA:271,0
DA:275,0
DA:277,0
DA:282,0
DA:284,0
DA:287,0
DA:289,0
DA:290,0
DA:291,0
DA:292,0
DA:293,0
DA:296,0
DA:298,0
DA:299,0
DA:302,0
DA:305,1
DA:306,0
DA:307,0
DA:311,0
DA:312,0
DA:316,0
DA:317,0
DA:318,0
DA:319,0
DA:320,0
DA:321,0
DA:322,0
DA:324,0
DA:325,0
DA:328,0
DA:329,0
DA:331,0
DA:332,0
DA:334,0
DA:337,0
DA:338,0
DA:340,0
DA:341,0
DA:342,0
DA:345,0
DA:346,0
DA:349,0
DA:350,0
DA:351,0
DA:352,0
DA:355,0
DA:356,0
DA:357,0
DA:358,0
DA:359,0
DA:362,0
DA:363,0
DA:364,0
DA:365,0
DA:366,0
DA:367,0
DA:368,0
DA:370,0
DA:373,0
DA:374,0
DA:376,0
DA:377,0
DA:378,0
DA:379,0
DA:380,0
DA:381,0
DA:382,0
DA:385,0
DA:386,0
DA:389,0
DA:390,0
DA:391,0
DA:393,0
DA:394,0
DA:395,0
DA:396,0
DA:397,0
DA:400,0
DA:401,0
DA:402,0
DA:404,0
DA:405,0
DA:408,0
DA:410,0
LF:206
LH:11
BRDA:22,0,0,1
BRDA:22,0,1,0
BRDA:25,1,0,0
BRDA:25,1,1,0
BRDA:25,1,2,0
BRDA:26,2,0,0
BRDA:26,2,1,0
BRDA:43,3,0,0
BRDA:48,4,0,0
BRDA:48,4,1,0
BRDA:59,5,0,0
BRDA:59,5,1,0
BRDA:65,6,0,0
BRDA:65,6,1,0
BRDA:66,7,0,0
BRDA:66,7,1,0
BRDA:70,8,0,0
BRDA:70,8,1,0
BRDA:71,9,0,0
BRDA:71,9,1,0
BRDA:85,10,0,0
BRDA:85,10,1,0
BRDA:87,11,0,0
BRDA:87,11,1,0
BRDA:96,12,0,0
BRDA:96,12,1,0
BRDA:96,13,0,0
BRDA:96,13,1,0
BRDA:103,14,0,0
BRDA:103,14,1,0
BRDA:108,15,0,0
BRDA:108,15,1,0
BRDA:113,16,0,0
BRDA:113,16,1,0
BRDA:130,17,0,0
BRDA:130,17,1,0
BRDA:141,18,0,0
BRDA:141,18,1,0
BRDA:146,19,0,0
BRDA:146,19,1,0
BRDA:155,20,0,0
BRDA:155,20,1,0
BRDA:168,21,0,0
BRDA:168,21,1,0
BRDA:169,22,0,0
BRDA:169,22,1,0
BRDA:174,23,0,0
BRDA:174,23,1,0
BRDA:179,24,0,0
BRDA:179,24,1,0
BRDA:179,25,0,0
BRDA:179,25,1,0
BRDA:182,26,0,0
BRDA:182,26,1,0
BRDA:191,27,0,0
BRDA:191,27,1,0
BRDA:222,28,0,0
BRDA:222,28,1,0
BRDA:222,29,0,0
BRDA:222,29,1,0
BRDA:230,30,0,0
BRDA:230,30,1,0
BRDA:239,31,0,0
BRDA:239,31,1,0
BRDA:242,32,0,0
BRDA:242,32,1,0
BRDA:244,33,0,0
BRDA:244,33,1,0
BRDA:248,34,0,0
BRDA:248,34,1,0
BRDA:249,35,0,0
BRDA:249,35,1,0
BRDA:270,36,0,0
BRDA:270,36,1,0
BRDA:275,37,0,0
BRDA:275,37,1,0
BRDA:275,38,0,0
BRDA:275,38,1,0
BRDA:287,39,0,0
BRDA:287,39,1,0
BRDA:290,40,0,0
BRDA:290,40,1,0
BRDA:291,41,0,0
BRDA:291,41,1,0
BRDA:292,42,0,0
BRDA:292,42,1,0
BRDA:293,43,0,0
BRDA:293,43,1,0
BRDA:296,44,0,0
BRDA:296,44,1,0
BRDA:298,45,0,0
BRDA:298,45,1,0
BRDA:298,46,0,0
BRDA:298,46,1,0
BRDA:298,46,2,0
BRDA:298,46,3,0
BRDA:311,47,0,0
BRDA:311,47,1,0
BRDA:317,48,0,0
BRDA:317,48,1,0
BRDA:318,49,0,0
BRDA:318,49,1,0
BRDA:319,50,0,0
BRDA:319,50,1,0
BRDA:320,51,0,0
BRDA:320,51,1,0
BRDA:322,52,0,0
BRDA:322,52,1,0
BRDA:324,53,0,0
BRDA:324,53,1,0
BRDA:324,54,0,0
BRDA:324,54,1,0
BRDA:324,54,2,0
BRDA:324,54,3,0
BRDA:338,55,0,0
BRDA:338,55,1,0
BRDA:378,56,0,0
BRDA:378,56,1,0
BRDA:393,57,0,0
BRDA:393,57,1,0
BRF:120
BRH:1
end_of_record
TN:
SF:src\modules\order\routes\admin.order.routes.js
FNF:0
FNH:0
DA:16,1
DA:18,1
DA:20,1
DA:24,1
DA:29,1
LF:5
LH:5
BRF:0
BRH:0
end_of_record
TN:
SF:src\modules\order\routes\public.order.routes.js
FNF:0
FNH:0
DA:18,1
DA:20,1
DA:21,1
DA:22,1
DA:23,1
DA:24,1
DA:25,1
DA:27,1
DA:28,1
DA:29,1
LF:10
LH:10
BRF:0
BRH:0
end_of_record
TN:
SF:src\modules\order\validators\order.validator.js
FNF:0
FNH:0
DA:4,1
DA:6,1
DA:13,1
DA:19,1
DA:27,1
DA:37,1
LF:6
LH:6
BRF:0
BRH:0
end_of_record
TN:
SF:src\modules\pathao\pathao.controller.js
FN:4,(anonymous_0)
FN:13,(anonymous_1)
FN:24,(anonymous_2)
FN:35,(anonymous_3)
FN:46,(anonymous_4)
FNF:5
FNH:0
FNDA:0,(anonymous_0)
FNDA:0,(anonymous_1)
FNDA:0,(anonymous_2)
FNDA:0,(anonymous_3)
FNDA:0,(anonymous_4)
DA:4,1
DA:13,1
DA:14,0
DA:16,0
DA:17,0
DA:20,0
DA:21,0
DA:24,1
DA:25,0
DA:27,0
DA:28,0
DA:31,0
DA:32,0
DA:35,1
DA:36,0
DA:38,0
DA:39,0
DA:42,0
DA:43,0
DA:46,1
DA:47,0
DA:49,0
DA:50,0
DA:53,0
DA:54,0
DA:55,0
DA:58,0
LF:27
LH:5
BRDA:9,0,0,0
BRDA:9,0,1,0
BRDA:16,1,0,0
BRDA:16,1,1,0
BRDA:27,2,0,0
BRDA:27,2,1,0
BRDA:38,3,0,0
BRDA:38,3,1,0
BRDA:49,4,0,0
BRDA:49,4,1,0
BRDA:53,5,0,0
BRDA:53,5,1,0
BRF:12
BRH:0
end_of_record
TN:
SF:src\modules\pathao\pathao.routes.js
FNF:0
FNH:0
DA:5,1
DA:8,1
DA:10,1
DA:11,1
DA:12,1
LF:5
LH:5
BRF:0
BRH:0
end_of_record
TN:
SF:src\modules\product\product.model.js
FN:158,(anonymous_0)
FNF:1
FNH:0
FNDA:0,(anonymous_0)
DA:5,1
DA:138,1
DA:150,1
DA:151,1
DA:152,1
DA:153,1
DA:154,1
DA:158,1
DA:159,0
DA:160,0
LF:10
LH:8
BRF:0
BRH:0
end_of_record
TN:
SF:src\modules\product\controllers\admin.product.controller.js
FN:12,(anonymous_0)
FN:38,(anonymous_1)
FN:44,(anonymous_2)
FN:74,(anonymous_3)
FN:75,(anonymous_4)
FN:82,(anonymous_5)
FN:102,(anonymous_6)
FN:108,(anonymous_7)
FN:136,(anonymous_8)
FN:143,(anonymous_9)
FN:145,(anonymous_10)
FN:266,(anonymous_11)
FN:277,(anonymous_12)
FN:287,(anonymous_13)
FN:321,(anonymous_14)
FN:325,(anonymous_15)
FN:337,(anonymous_16)
FN:376,(anonymous_17)
FN:377,(anonymous_18)
FN:407,(anonymous_19)
FN:437,(anonymous_20)
FN:455,(anonymous_21)
FN:463,(anonymous_22)
FNF:23
FNH:0
FNDA:0,(anonymous_0)
FNDA:0,(anonymous_1)
FNDA:0,(anonymous_2)
FNDA:0,(anonymous_3)
FNDA:0,(anonymous_4)
FNDA:0,(anonymous_5)
FNDA:0,(anonymous_6)
FNDA:0,(anonymous_7)
FNDA:0,(anonymous_8)
FNDA:0,(anonymous_9)
FNDA:0,(anonymous_10)
FNDA:0,(anonymous_11)
FNDA:0,(anonymous_12)
FNDA:0,(anonymous_13)
FNDA:0,(anonymous_14)
FNDA:0,(anonymous_15)
FNDA:0,(anonymous_16)
FNDA:0,(anonymous_17)
FNDA:0,(anonymous_18)
FNDA:0,(anonymous_19)
FNDA:0,(anonymous_20)
FNDA:0,(anonymous_21)
FNDA:0,(anonymous_22)
DA:12,1
DA:13,0
DA:14,0
DA:16,0
DA:17,0
DA:18,0
DA:19,0
DA:22,0
DA:23,0
DA:24,0
DA:25,0
DA:26,0
DA:27,0
DA:28,0
DA:29,0
DA:30,0
DA:31,0
DA:32,0
DA:34,0
DA:35,0
DA:36,0
DA:38,0
DA:41,0
DA:42,0
DA:43,0
DA:44,0
DA:48,0
DA:50,0
DA:51,0
DA:52,0
DA:53,0
DA:54,0
DA:55,0
DA:56,0
DA:57,0
DA:58,0
DA:59,0
DA:61,0
DA:62,0
DA:63,0
DA:64,0
DA:66,0
DA:67,0
DA:68,0
DA:69,0
DA:71,0
DA:74,1
DA:75,0
DA:79,0
DA:82,1
DA:83,0
DA:84,0
DA:85,0
DA:87,0
DA:88,0
DA:90,0
DA:91,0
DA:92,0
DA:95,0
DA:96,0
DA:97,0
DA:98,0
DA:100,0
DA:102,0
DA:103,0
DA:104,0
DA:108,1
DA:122,0
DA:124,0
DA:127,0
DA:128,0
DA:131,0
DA:133,0
DA:134,0
DA:135,0
DA:136,0
DA:138,0
DA:142,0
DA:143,0
DA:144,0
DA:145,0
DA:149,0
DA:150,0
DA:151,0
DA:152,0
DA:153,0
DA:156,0
DA:157,0
DA:158,0
DA:161,0
DA:166,0
DA:167,0
DA:168,0
DA:171,0
DA:172,0
DA:173,0
DA:177,0
DA:178,0
DA:179,0
DA:180,0
DA:183,0
DA:185,0
DA:189,0
DA:190,0
DA:191,0
DA:194,0
DA:195,0
DA:196,0
DA:199,0
DA:245,0
DA:246,0
DA:247,0
DA:248,0
DA:249,0
DA:251,0
DA:252,0
DA:253,0
DA:255,0
DA:257,0
DA:266,1
DA:267,0
DA:273,0
DA:274,0
DA:277,1
DA:278,0
DA:279,0
DA:281,0
DA:282,0
DA:284,0
DA:285,0
DA:286,0
DA:287,0
DA:288,0
DA:289,0
DA:290,0
DA:293,0
DA:294,0
DA:295,0
DA:298,0
DA:300,0
DA:301,0
DA:302,0
DA:309,0
DA:310,0
DA:311,0
DA:312,0
DA:314,0
DA:316,0
DA:317,0
DA:321,1
DA:322,0
DA:323,0
DA:325,0
DA:326,0
DA:329,0
DA:330,0
DA:331,0
DA:332,0
DA:334,0
DA:337,1
DA:338,0
DA:339,0
DA:341,0
DA:342,0
DA:344,0
DA:350,0
DA:364,0
DA:365,0
DA:366,0
DA:369,0
DA:376,0
DA:377,0
DA:378,0
DA:390,0
DA:407,1
DA:408,0
DA:409,0
DA:411,0
DA:413,0
DA:415,0
DA:417,0
DA:418,0
DA:420,0
DA:423,0
DA:428,0
DA:431,0
DA:432,0
DA:434,0
DA:437,1
DA:438,0
DA:439,0
DA:441,0
DA:442,0
DA:445,0
DA:446,0
DA:449,0
DA:450,0
DA:452,0
DA:455,1
DA:456,0
DA:457,0
DA:459,0
DA:460,0
DA:462,0
DA:463,0
DA:464,0
DA:465,0
DA:466,0
DA:470,0
DA:471,0
DA:473,0
DA:474,0
DA:475,0
DA:476,0
DA:479,0
LF:215
LH:11
BRDA:16,0,0,0
BRDA:16,0,1,0
BRDA:18,1,0,0
BRDA:18,1,1,0
BRDA:18,2,0,0
BRDA:18,2,1,0
BRDA:22,3,0,0
BRDA:22,3,1,0
BRDA:22,4,0,0
BRDA:22,4,1,0
BRDA:23,5,0,0
BRDA:23,5,1,0
BRDA:24,6,0,0
BRDA:24,6,1,0
BRDA:25,7,0,0
BRDA:25,7,1,0
BRDA:26,8,0,0
BRDA:26,8,1,0
BRDA:27,9,0,0
BRDA:27,9,1,0
BRDA:27,10,0,0
BRDA:27,10,1,0
BRDA:28,11,0,0
BRDA:28,11,1,0
BRDA:28,12,0,0
BRDA:28,12,1,0
BRDA:29,13,0,0
BRDA:29,13,1,0
BRDA:29,14,0,0
BRDA:29,14,1,0
BRDA:30,15,0,0
BRDA:30,15,1,0
BRDA:31,16,0,0
BRDA:31,16,1,0
BRDA:32,17,0,0
BRDA:32,17,1,0
BRDA:32,18,0,0
BRDA:32,18,1,0
BRDA:32,18,2,0
BRDA:34,19,0,0
BRDA:34,19,1,0
BRDA:36,20,0,0
BRDA:36,20,1,0
BRDA:41,21,0,0
BRDA:41,21,1,0
BRDA:43,22,0,0
BRDA:43,22,1,0
BRDA:45,23,0,0
BRDA:45,23,1,0
BRDA:50,24,0,0
BRDA:50,24,1,0
BRDA:50,25,0,0
BRDA:50,25,1,0
BRDA:50,26,0,0
BRDA:50,26,1,0
BRDA:50,26,2,0
BRDA:51,27,0,0
BRDA:51,27,1,0
BRDA:51,28,0,0
BRDA:51,28,1,0
BRDA:51,29,0,0
BRDA:51,29,1,0
BRDA:51,29,2,0
BRDA:52,30,0,0
BRDA:52,30,1,0
BRDA:52,31,0,0
BRDA:52,31,1,0
BRDA:52,32,0,0
BRDA:52,32,1,0
BRDA:52,32,2,0
BRDA:53,33,0,0
BRDA:53,33,1,0
BRDA:53,34,0,0
BRDA:53,34,1,0
BRDA:53,35,0,0
BRDA:53,35,1,0
BRDA:53,35,2,0
BRDA:54,36,0,0
BRDA:54,36,1,0
BRDA:54,37,0,0
BRDA:54,37,1,0
BRDA:54,38,0,0
BRDA:54,38,1,0
BRDA:54,38,2,0
BRDA:55,39,0,0
BRDA:55,39,1,0
BRDA:55,40,0,0
BRDA:55,40,1,0
BRDA:55,41,0,0
BRDA:55,41,1,0
BRDA:55,41,2,0
BRDA:56,42,0,0
BRDA:56,42,1,0
BRDA:58,43,0,0
BRDA:58,43,1,0
BRDA:61,44,0,0
BRDA:61,44,1,0
BRDA:63,45,0,0
BRDA:63,45,1,0
BRDA:66,46,0,0
BRDA:66,46,1,0
BRDA:68,47,0,0
BRDA:68,47,1,0
BRDA:84,48,0,0
BRDA:84,48,1,0
BRDA:84,49,0,0
BRDA:84,49,1,0
BRDA:102,50,0,0
BRDA:102,50,1,0
BRDA:103,51,0,0
BRDA:103,51,1,0
BRDA:115,52,0,0
BRDA:116,53,0,0
BRDA:127,54,0,0
BRDA:127,54,1,0
BRDA:128,55,0,0
BRDA:128,55,1,0
BRDA:131,56,0,0
BRDA:131,56,1,0
BRDA:133,57,0,0
BRDA:133,57,1,0
BRDA:133,58,0,0
BRDA:133,58,1,0
BRDA:133,58,2,0
BRDA:135,59,0,0
BRDA:135,59,1,0
BRDA:135,60,0,0
BRDA:135,60,1,0
BRDA:135,60,2,0
BRDA:142,61,0,0
BRDA:142,61,1,0
BRDA:144,62,0,0
BRDA:144,62,1,0
BRDA:149,63,0,0
BRDA:149,63,1,0
BRDA:149,64,0,0
BRDA:149,64,1,0
BRDA:150,65,0,0
BRDA:150,65,1,0
BRDA:152,66,0,0
BRDA:152,66,1,0
BRDA:157,67,0,0
BRDA:157,67,1,0
BRDA:166,68,0,0
BRDA:166,68,1,0
BRDA:171,69,0,0
BRDA:171,69,1,0
BRDA:171,70,0,0
BRDA:171,70,1,0
BRDA:172,71,0,0
BRDA:172,71,1,0
BRDA:177,72,0,0
BRDA:177,72,1,0
BRDA:177,73,0,0
BRDA:177,73,1,0
BRDA:179,74,0,0
BRDA:179,74,1,0
BRDA:180,75,0,0
BRDA:180,75,1,0
BRDA:189,76,0,0
BRDA:189,76,1,0
BRDA:190,77,0,0
BRDA:190,77,1,0
BRDA:191,78,0,0
BRDA:191,78,1,0
BRDA:196,79,0,0
BRDA:196,79,1,0
BRDA:246,80,0,0
BRDA:246,80,1,0
BRDA:247,81,0,0
BRDA:247,81,1,0
BRDA:248,82,0,0
BRDA:248,82,1,0
BRDA:249,83,0,0
BRDA:249,83,1,0
BRDA:273,84,0,0
BRDA:273,84,1,0
BRDA:279,85,0,0
BRDA:279,85,1,0
BRDA:284,86,0,0
BRDA:284,86,1,0
BRDA:286,87,0,0
BRDA:286,87,1,0
BRDA:293,88,0,0
BRDA:293,88,1,0
BRDA:293,89,0,0
BRDA:293,89,1,0
BRDA:316,90,0,0
BRDA:316,90,1,0
BRDA:323,91,0,0
BRDA:323,91,1,0
BRDA:325,92,0,0
BRDA:325,92,1,0
BRDA:339,93,0,0
BRDA:339,94,0,0
BRDA:342,95,0,0
BRDA:342,95,1,0
BRDA:364,96,0,0
BRDA:364,96,1,0
BRDA:381,97,0,0
BRDA:381,97,1,0
BRDA:382,98,0,0
BRDA:382,98,1,0
BRDA:383,99,0,0
BRDA:383,99,1,0
BRDA:384,100,0,0
BRDA:384,100,1,0
BRDA:384,101,0,0
BRDA:384,101,1,0
BRDA:409,102,0,0
BRDA:409,102,1,0
BRDA:413,103,0,0
BRDA:413,103,1,0
BRDA:417,104,0,0
BRDA:417,104,1,0
BRDA:425,105,0,0
BRDA:425,105,1,0
BRDA:439,106,0,0
BRDA:439,106,1,0
BRDA:441,107,0,0
BRDA:441,107,1,0
BRDA:457,108,0,0
BRDA:457,108,1,0
BRDA:464,109,0,0
BRDA:464,109,1,0
BRDA:470,110,0,0
BRDA:470,110,1,0
BRF:227
BRH:0
end_of_record
TN:
SF:src\modules\product\controllers\ai.product.controller.js
FN:7,(anonymous_0)
FNF:1
FNH:0
FNDA:0,(anonymous_0)
DA:7,1
DA:8,0
DA:10,0
DA:11,0
DA:17,0
DA:18,0
DA:19,0
DA:20,0
DA:21,0
DA:24,0
DA:27,0
DA:29,0
DA:30,0
DA:31,0
DA:32,0
DA:33,0
DA:36,0
DA:39,0
DA:40,0
DA:46,0
DA:68,0
DA:69,0
DA:70,0
DA:85,0
DA:86,0
DA:87,0
DA:90,0
DA:91,0
DA:96,0
DA:97,0
LF:30
LH:1
BRDA:10,0,0,0
BRDA:10,0,1,0
BRDA:10,1,0,0
BRDA:10,1,1,0
BRDA:20,2,0,0
BRDA:20,2,1,0
BRDA:20,3,0,0
BRDA:20,3,1,0
BRDA:20,3,2,0
BRDA:27,4,0,0
BRDA:27,4,1,0
BRDA:32,5,0,0
BRDA:32,5,1,0
BRDA:32,6,0,0
BRDA:32,6,1,0
BRDA:39,7,0,0
BRDA:39,7,1,0
BRDA:86,8,0,0
BRDA:86,8,1,0
BRF:19
BRH:0
end_of_record
TN:
SF:src\modules\product\controllers\public.product.controller.js
FN:7,(anonymous_0)
FN:28,(anonymous_1)
FN:30,(anonymous_2)
FN:40,(anonymous_3)
FN:64,(anonymous_4)
FN:187,(anonymous_5)
FN:279,(anonymous_6)
FNF:7
FNH:0
FNDA:0,(anonymous_0)
FNDA:0,(anonymous_1)
FNDA:0,(anonymous_2)
FNDA:0,(anonymous_3)
FNDA:0,(anonymous_4)
FNDA:0,(anonymous_5)
FNDA:0,(anonymous_6)
DA:7,1
DA:19,0
DA:21,0
DA:22,0
DA:23,0
DA:25,0
DA:27,0
DA:28,0
DA:29,0
DA:30,0
DA:34,0
DA:35,0
DA:36,0
DA:37,0
DA:38,0
DA:39,0
DA:40,0
DA:41,0
DA:42,0
DA:43,0
DA:45,0
DA:46,0
DA:47,0
DA:51,0
DA:52,0
DA:53,0
DA:55,0
DA:56,0
DA:57,0
DA:61,0
DA:62,0
DA:63,0
DA:64,0
DA:65,0
DA:67,0
DA:71,0
DA:72,0
DA:73,0
DA:74,0
DA:78,0
DA:174,0
DA:175,0
DA:176,0
DA:178,0
DA:187,1
DA:188,0
DA:191,0
DA:266,0
DA:267,0
DA:270,0
DA:273,0
DA:274,0
DA:276,0
DA:279,1
DA:280,0
DA:282,0
DA:283,0
DA:286,0
DA:292,0
DA:294,0
DA:297,0
DA:298,0
DA:300,0
LF:63
LH:3
BRDA:15,0,0,0
BRDA:16,1,0,0
BRDA:25,2,0,0
BRDA:25,2,1,0
BRDA:27,3,0,0
BRDA:27,3,1,0
BRDA:29,4,0,0
BRDA:29,4,1,0
BRDA:34,5,0,0
BRDA:34,5,1,0
BRDA:34,6,0,0
BRDA:34,6,1,0
BRDA:35,7,0,0
BRDA:35,7,1,0
BRDA:37,8,0,0
BRDA:37,8,1,0
BRDA:39,9,0,0
BRDA:39,9,1,0
BRDA:42,10,0,0
BRDA:42,10,1,0
BRDA:46,11,0,0
BRDA:46,11,1,0
BRDA:51,12,0,0
BRDA:51,12,1,0
BRDA:51,13,0,0
BRDA:51,13,1,0
BRDA:52,14,0,0
BRDA:52,14,1,0
BRDA:56,15,0,0
BRDA:56,15,1,0
BRDA:61,16,0,0
BRDA:61,16,1,0
BRDA:63,17,0,0
BRDA:63,17,1,0
BRDA:71,18,0,0
BRDA:71,18,1,0
BRDA:71,19,0,0
BRDA:71,19,1,0
BRDA:73,20,0,0
BRDA:73,20,1,0
BRDA:74,21,0,0
BRDA:74,21,1,0
BRDA:86,22,0,0
BRDA:86,22,1,0
BRDA:87,23,0,0
BRDA:87,23,1,0
BRDA:175,24,0,0
BRDA:175,24,1,0
BRDA:266,25,0,0
BRDA:266,25,1,0
BRDA:266,26,0,0
BRDA:266,26,1,0
BRDA:282,27,0,0
BRDA:282,27,1,0
BRDA:292,28,0,0
BRDA:292,28,1,0
BRF:56
BRH:0
end_of_record
TN:
SF:src\modules\product\routes\admin.product.routes.js
FNF:0
FNH:0
DA:18,1
DA:21,1
DA:23,1
DA:25,1
DA:29,1
DA:32,1
DA:36,1
LF:7
LH:7
BRF:0
BRH:0
end_of_record
TN:
SF:src\modules\product\routes\public.product.routes.js
FNF:0
FNH:0
DA:10,1
DA:12,1
DA:13,1
DA:14,1
LF:4
LH:4
BRF:0
BRH:0
end_of_record
TN:
SF:src\modules\product\validators\product.validator.js
FNF:0
FNH:0
DA:5,1
DA:7,1
DA:12,1
DA:17,1
DA:24,1
DA:31,1
DA:57,1
LF:7
LH:7
BRF:0
BRH:0
end_of_record
TN:
SF:src\modules\review\review.controller.js
FN:8,(anonymous_0)
FN:28,(anonymous_1)
FN:51,(anonymous_2)
FN:70,(anonymous_3)
FN:81,(anonymous_4)
FN:97,(anonymous_5)
FN:118,(anonymous_6)
FN:136,(anonymous_7)
FN:152,(anonymous_8)
FN:156,(anonymous_9)
FN:157,(anonymous_10)
FN:167,(anonymous_11)
FN:175,(anonymous_12)
FN:188,(anonymous_13)
FNF:14
FNH:0
FNDA:0,(anonymous_0)
FNDA:0,(anonymous_1)
FNDA:0,(anonymous_2)
FNDA:0,(anonymous_3)
FNDA:0,(anonymous_4)
FNDA:0,(anonymous_5)
FNDA:0,(anonymous_6)
FNDA:0,(anonymous_7)
FNDA:0,(anonymous_8)
FNDA:0,(anonymous_9)
FNDA:0,(anonymous_10)
FNDA:0,(anonymous_11)
FNDA:0,(anonymous_12)
FNDA:0,(anonymous_13)
DA:8,1
DA:9,0
DA:10,0
DA:12,0
DA:17,0
DA:18,0
DA:19,0
DA:21,0
DA:22,0
DA:24,0
DA:28,1
DA:29,0
DA:30,0
DA:33,0
DA:34,0
DA:36,0
DA:37,0
DA:39,0
DA:42,0
DA:44,0
DA:48,0
DA:51,1
DA:52,0
DA:53,0
DA:55,0
DA:57,0
DA:58,0
DA:60,0
DA:61,0
DA:62,0
DA:65,0
DA:70,0
DA:73,0
DA:76,0
DA:78,0
DA:81,1
DA:82,0
DA:83,0
DA:84,0
DA:85,0
DA:87,0
DA:88,0
DA:89,0
DA:92,0
DA:93,0
DA:94,0
DA:95,0
DA:96,0
DA:97,0
DA:101,0
DA:102,0
DA:103,0
DA:106,0
DA:107,0
DA:108,0
DA:110,0
DA:111,0
DA:114,0
DA:115,0
DA:118,1
DA:119,0
DA:120,0
DA:121,0
DA:123,0
DA:125,0
DA:126,0
DA:129,0
DA:130,0
DA:132,0
DA:133,0
DA:136,1
DA:137,0
DA:138,0
DA:139,0
DA:141,0
DA:144,0
DA:145,0
DA:152,0
DA:155,0
DA:156,0
DA:157,0
DA:159,0
DA:167,0
DA:168,0
DA:169,0
DA:170,0
DA:171,0
DA:172,0
DA:175,0
DA:180,0
DA:182,0
DA:183,0
DA:184,0
DA:185,0
DA:186,0
DA:188,0
DA:189,0
DA:190,0
DA:192,0
DA:197,0
LF:100
LH:6
BRDA:10,0,0,0
BRDA:10,0,1,0
BRDA:17,1,0,0
BRDA:17,1,1,0
BRDA:30,2,0,0
BRDA:30,2,1,0
BRDA:36,3,0,0
BRDA:36,3,1,0
BRDA:44,4,0,0
BRDA:44,4,1,0
BRDA:53,5,0,0
BRDA:53,5,1,0
BRDA:55,6,0,0
BRDA:55,6,1,0
BRDA:55,7,0,0
BRDA:55,7,1,0
BRDA:58,8,0,0
BRDA:58,8,1,0
BRDA:61,9,0,0
BRDA:61,9,1,0
BRDA:61,10,0,0
BRDA:61,10,1,0
BRDA:84,11,0,0
BRDA:84,11,1,0
BRDA:87,12,0,0
BRDA:87,12,1,0
BRDA:88,13,0,0
BRDA:88,13,1,0
BRDA:92,14,0,0
BRDA:92,14,1,0
BRDA:92,15,0,0
BRDA:92,15,1,0
BRDA:95,16,0,0
BRDA:95,16,1,0
BRDA:101,17,0,0
BRDA:101,17,1,0
BRDA:101,18,0,0
BRDA:101,18,1,0
BRDA:106,19,0,0
BRDA:106,19,1,0
BRDA:107,20,0,0
BRDA:107,20,1,0
BRDA:120,21,0,0
BRDA:120,21,1,0
BRDA:123,22,0,0
BRDA:123,22,1,0
BRDA:125,23,0,0
BRDA:125,23,1,0
BRDA:125,24,0,0
BRDA:125,24,1,0
BRDA:139,25,0,0
BRDA:139,26,0,0
BRDA:171,27,0,0
BRDA:171,27,1,0
BRDA:177,28,0,0
BRDA:177,28,1,0
BRDA:183,29,0,0
BRDA:183,29,1,0
BRDA:184,30,0,0
BRDA:184,30,1,0
BRDA:186,31,0,0
BRDA:186,31,1,0
BRDA:188,32,0,0
BRDA:188,32,1,0
BRDA:189,33,0,0
BRDA:189,33,1,0
BRDA:203,34,0,0
BRDA:203,34,1,0
BRDA:204,35,0,0
BRDA:204,35,1,0
BRF:70
BRH:0
end_of_record
TN:
SF:src\modules\review\review.model.js
FNF:0
FNH:0
DA:3,1
DA:14,1
DA:50,1
LF:3
LH:3
BRF:0
BRH:0
end_of_record
TN:
SF:src\modules\review\review.routes.js
FNF:0
FNH:0
DA:11,1
DA:14,1
DA:17,1
DA:19,1
DA:20,1
DA:21,1
LF:6
LH:6
BRF:0
BRH:0
end_of_record
TN:
SF:src\modules\role\role.controller.js
FN:7,(anonymous_0)
FN:15,(anonymous_1)
FN:38,(anonymous_2)
FN:62,(anonymous_3)
FNF:4
FNH:0
FNDA:0,(anonymous_0)
FNDA:0,(anonymous_1)
FNDA:0,(anonymous_2)
FNDA:0,(anonymous_3)
DA:7,1
DA:8,0
DA:9,0
DA:15,1
DA:16,0
DA:18,0
DA:19,0
DA:20,0
DA:21,0
DA:24,0
DA:32,0
DA:38,1
DA:39,0
DA:41,0
DA:42,0
DA:43,0
DA:46,0
DA:47,0
DA:48,0
DA:51,0
DA:52,0
DA:53,0
DA:55,0
DA:56,0
DA:62,1
DA:63,0
DA:65,0
DA:66,0
DA:67,0
DA:70,0
DA:71,0
DA:72,0
DA:75,0
DA:76,0
LF:34
LH:4
BRDA:19,0,0,0
BRDA:19,0,1,0
BRDA:27,1,0,0
BRDA:27,1,1,0
BRDA:41,2,0,0
BRDA:41,2,1,0
BRDA:46,3,0,0
BRDA:46,3,1,0
BRDA:51,4,0,0
BRDA:51,4,1,0
BRDA:52,5,0,0
BRDA:52,5,1,0
BRDA:53,6,0,0
BRDA:53,6,1,0
BRDA:65,7,0,0
BRDA:65,7,1,0
BRDA:70,8,0,0
BRDA:70,8,1,0
BRF:18
BRH:0
end_of_record
TN:
SF:src\modules\role\role.model.js
FNF:0
FNH:0
DA:3,1
DA:30,1
LF:2
LH:2
BRF:0
BRH:0
end_of_record
TN:
SF:src\modules\role\role.routes.js
FNF:0
FNH:0
DA:11,1
DA:13,1
DA:17,1
LF:3
LH:3
BRF:0
BRH:0
end_of_record
TN:
SF:src\modules\settings\apiKey.model.js
FNF:0
FNH:0
DA:3,1
DA:49,1
LF:2
LH:2
BRF:0
BRH:0
end_of_record
TN:
SF:src\modules\settings\settings.controller.js
FN:9,(anonymous_0)
FN:51,(anonymous_1)
FN:53,(anonymous_2)
FN:77,(anonymous_3)
FN:82,(anonymous_4)
FN:106,(anonymous_5)
FNF:6
FNH:0
FNDA:0,(anonymous_0)
FNDA:0,(anonymous_1)
FNDA:0,(anonymous_2)
FNDA:0,(anonymous_3)
FNDA:0,(anonymous_4)
FNDA:0,(anonymous_5)
DA:9,1
DA:10,0
DA:11,0
DA:12,0
DA:20,0
DA:21,0
DA:22,0
DA:26,0
DA:27,0
DA:37,0
DA:39,0
DA:40,0
DA:51,0
DA:52,0
DA:53,0
DA:54,0
DA:55,0
DA:56,0
DA:57,0
DA:59,0
DA:62,0
DA:63,0
DA:64,0
DA:66,0
DA:69,0
DA:74,0
DA:77,1
DA:79,0
DA:82,0
DA:83,0
DA:84,0
DA:85,0
DA:87,0
DA:91,0
DA:92,0
DA:93,0
DA:94,0
DA:95,0
DA:98,0
DA:99,0
DA:100,0
DA:102,0
DA:103,0
DA:104,0
DA:105,0
DA:106,0
DA:108,0
DA:110,0
DA:112,0
DA:116,0
DA:117,0
DA:119,0
DA:121,0
DA:128,0
DA:129,0
DA:133,0
DA:134,0
DA:136,0
DA:137,0
DA:138,0
DA:139,0
DA:143,0
DA:145,0
DA:146,0
DA:147,0
DA:148,0
DA:150,0
DA:151,0
DA:152,0
DA:154,0
DA:155,0
DA:156,0
DA:160,0
DA:162,0
DA:169,0
DA:171,0
DA:173,0
LF:77
LH:2
BRDA:11,0,0,0
BRDA:11,0,1,0
BRDA:21,1,0,0
BRDA:21,1,1,0
BRDA:39,2,0,0
BRDA:39,2,1,0
BRDA:39,2,2,0
BRDA:56,3,0,0
BRDA:56,3,1,0
BRDA:56,4,0,0
BRDA:56,4,1,0
BRDA:59,5,0,0
BRDA:59,5,1,0
BRDA:59,6,0,0
BRDA:59,6,1,0
BRDA:62,7,0,0
BRDA:62,7,1,0
BRDA:63,8,0,0
BRDA:63,8,1,0
BRDA:66,9,0,0
BRDA:66,9,1,0
BRDA:83,10,0,0
BRDA:83,10,1,0
BRDA:85,11,0,0
BRDA:85,11,1,0
BRDA:91,12,0,0
BRDA:91,12,1,0
BRDA:92,13,0,0
BRDA:92,13,1,0
BRDA:93,14,0,0
BRDA:93,14,1,0
BRDA:94,15,0,0
BRDA:94,15,1,0
BRDA:95,16,0,0
BRDA:95,16,1,0
BRDA:104,17,0,0
BRDA:104,17,1,0
BRDA:108,18,0,0
BRDA:108,18,1,0
BRDA:112,19,0,0
BRDA:112,19,1,0
BRDA:116,20,0,0
BRDA:116,20,1,0
BRDA:116,21,0,0
BRDA:116,21,1,0
BRDA:119,22,0,0
BRDA:119,22,1,0
BRDA:128,23,0,0
BRDA:128,23,1,0
BRDA:134,24,0,0
BRDA:134,24,1,0
BRDA:136,25,0,0
BRDA:136,25,1,0
BRDA:138,26,0,0
BRDA:138,26,1,0
BRDA:138,27,0,0
BRDA:138,27,1,0
BRDA:145,28,0,0
BRDA:145,28,1,0
BRDA:146,29,0,0
BRDA:146,29,1,0
BRDA:150,30,0,0
BRDA:150,30,1,0
BRDA:154,31,0,0
BRDA:154,31,1,0
BRDA:160,32,0,0
BRDA:160,32,1,0
BRF:67
BRH:0
end_of_record
TN:
SF:src\modules\settings\settings.model.js
FNF:0
FNH:0
DA:3,1
DA:51,1
LF:2
LH:2
BRF:0
BRH:0
end_of_record
TN:
SF:src\modules\settings\settings.routes.js
FNF:0
FNH:0
DA:8,1
DA:11,1
DA:14,1
DA:20,1
LF:4
LH:4
BRF:0
BRH:0
end_of_record
TN:
SF:src\modules\size\size.controller.js
FN:6,(anonymous_0)
FN:17,(anonymous_1)
FN:28,(anonymous_2)
FN:40,(anonymous_3)
FN:54,(anonymous_4)
FN:62,(anonymous_5)
FN:82,(anonymous_6)
FNF:7
FNH:0
FNDA:0,(anonymous_0)
FNDA:0,(anonymous_1)
FNDA:0,(anonymous_2)
FNDA:0,(anonymous_3)
FNDA:0,(anonymous_4)
FNDA:0,(anonymous_5)
FNDA:0,(anonymous_6)
DA:6,1
DA:7,0
DA:14,0
DA:17,1
DA:19,0
DA:20,0
DA:21,0
DA:24,0
DA:25,0
DA:28,1
DA:29,0
DA:30,0
DA:31,0
DA:33,0
DA:34,0
DA:40,0
DA:41,0
DA:42,0
DA:43,0
DA:46,0
DA:54,1
DA:55,0
DA:56,0
DA:57,0
DA:59,0
DA:62,1
DA:63,0
DA:64,0
DA:65,0
DA:66,0
DA:70,0
DA:75,0
DA:76,0
DA:79,0
DA:82,1
DA:83,0
DA:84,0
DA:85,0
DA:88,0
DA:89,0
LF:40
LH:6
BRDA:14,0,0,0
BRDA:14,0,1,0
BRDA:20,1,0,0
BRDA:20,1,1,0
BRDA:29,2,0,0
BRDA:29,3,0,0
BRDA:31,4,0,0
BRDA:31,4,1,0
BRDA:31,5,0,0
BRDA:31,5,1,0
BRDA:56,6,0,0
BRDA:56,6,1,0
BRDA:63,7,0,0
BRDA:63,7,1,0
BRDA:65,8,0,0
BRDA:65,8,1,0
BRDA:75,9,0,0
BRDA:75,9,1,0
BRDA:84,10,0,0
BRDA:84,10,1,0
BRF:20
BRH:0
end_of_record
TN:
SF:src\modules\size\size.model.js
FN:25,(anonymous_0)
FNF:1
FNH:0
FNDA:0,(anonymous_0)
DA:5,1
DA:21,1
DA:25,1
DA:27,0
DA:33,0
LF:5
LH:3
BRF:0
BRH:0
end_of_record
TN:
SF:src\modules\size\size.routes.js
FNF:0
FNH:0
DA:13,1
DA:15,1
DA:19,1
LF:3
LH:3
BRF:0
BRH:0
end_of_record
TN:
SF:src\modules\size\validators\size.validator.js
FNF:0
FNH:0
DA:3,1
DA:5,1
DA:11,1
LF:3
LH:3
BRF:0
BRH:0
end_of_record
TN:
SF:src\modules\subcategory\subcategory.controller.js
FN:7,(anonymous_0)
FN:29,(anonymous_1)
FN:59,(anonymous_2)
FN:74,(anonymous_3)
FN:99,(anonymous_4)
FNF:5
FNH:0
FNDA:0,(anonymous_0)
FNDA:0,(anonymous_1)
FNDA:0,(anonymous_2)
FNDA:0,(anonymous_3)
FNDA:0,(anonymous_4)
DA:7,1
DA:8,0
DA:9,0
DA:10,0
DA:12,0
DA:21,0
DA:22,0
DA:23,0
DA:24,0
DA:26,0
DA:29,1
DA:30,0
DA:31,0
DA:33,0
DA:34,0
DA:35,0
DA:38,0
DA:51,0
DA:52,0
DA:53,0
DA:54,0
DA:56,0
DA:59,1
DA:60,0
DA:61,0
DA:62,0
DA:63,0
DA:66,0
DA:67,0
DA:68,0
DA:69,0
DA:71,0
DA:74,1
DA:75,0
DA:76,0
DA:77,0
DA:78,0
DA:80,0
DA:81,0
DA:84,0
DA:85,0
DA:91,0
DA:99,1
DA:100,0
DA:101,0
DA:102,0
DA:103,0
DA:105,0
LF:48
LH:5
BRDA:9,0,0,0
BRDA:9,0,1,0
BRDA:31,1,0,0
BRDA:31,1,1,0
BRDA:34,2,0,0
BRDA:34,2,1,0
BRDA:61,3,0,0
BRDA:61,3,1,0
BRDA:62,4,0,0
BRDA:62,4,1,0
BRDA:75,5,0,0
BRDA:75,6,0,0
BRDA:75,7,0,0
BRDA:77,8,0,0
BRDA:77,8,1,0
BRDA:80,9,0,0
BRDA:80,9,1,0
BRDA:80,10,0,0
BRDA:80,10,1,0
BRDA:101,11,0,0
BRDA:101,11,1,0
BRF:21
BRH:0
end_of_record
TN:
SF:src\modules\subcategory\subcategory.model.js
FN:30,(anonymous_0)
FNF:1
FNH:0
FNDA:0,(anonymous_0)
DA:4,1
DA:26,1
DA:30,1
DA:31,0
LF:4
LH:3
BRF:0
BRH:0
end_of_record
TN:
SF:src\modules\subcategory\subcategory.routes.js
FNF:0
FNH:0
DA:14,1
DA:16,1
DA:20,1
LF:3
LH:3
BRF:0
BRH:0
end_of_record
TN:
SF:src\modules\subcategory\validators\subcategory.validator.js
FNF:0
FNH:0
DA:3,1
DA:5,1
DA:13,1
LF:3
LH:3
BRF:0
BRH:0
end_of_record
TN:
SF:src\modules\tracking\tracking.routes.js
FN:7,(anonymous_0)
FNF:1
FNH:0
FNDA:0,(anonymous_0)
DA:5,1
DA:7,1
DA:8,0
DA:15,0
DA:17,0
DA:18,0
DA:19,0
DA:23,0
DA:24,0
DA:27,0
DA:28,0
DA:31,0
DA:42,0
DA:50,0
DA:52,0
DA:53,0
LF:16
LH:2
BRDA:11,0,0,0
BRDA:12,1,0,0
BRDA:14,2,0,0
BRDA:14,3,0,0
BRDA:14,3,1,0
BRDA:14,3,2,0
BRDA:17,4,0,0
BRDA:17,4,1,0
BRDA:17,4,2,0
BRDA:18,5,0,0
BRDA:18,5,1,0
BRDA:27,6,0,0
BRDA:27,6,1,0
BRDA:27,6,2,0
BRDA:32,7,0,0
BRDA:32,7,1,0
BRDA:33,8,0,0
BRDA:33,8,1,0
BRDA:34,9,0,0
BRDA:34,9,1,0
BRDA:36,10,0,0
BRDA:36,10,1,0
BRDA:37,11,0,0
BRDA:37,11,1,0
BRF:24
BRH:0
end_of_record
TN:
SF:src\modules\user\user.controller.js
FN:9,(anonymous_0)
FN:21,(anonymous_1)
FN:67,(anonymous_2)
FN:99,(anonymous_3)
FN:137,(anonymous_4)
FN:148,(anonymous_5)
FN:198,(anonymous_6)
FNF:7
FNH:0
FNDA:0,(anonymous_0)
FNDA:0,(anonymous_1)
FNDA:0,(anonymous_2)
FNDA:0,(anonymous_3)
FNDA:0,(anonymous_4)
FNDA:0,(anonymous_5)
FNDA:0,(anonymous_6)
DA:9,1
DA:11,0
DA:12,0
DA:13,0
DA:15,0
DA:21,1
DA:22,0
DA:23,0
DA:24,0
DA:28,0
DA:29,0
DA:30,0
DA:34,0
DA:35,0
DA:36,0
DA:37,0
DA:39,0
DA:40,0
DA:41,0
DA:43,0
DA:47,0
DA:48,0
DA:50,0
DA:52,0
DA:67,1
DA:68,0
DA:70,0
DA:71,0
DA:74,0
DA:75,0
DA:78,0
DA:79,0
DA:80,0
DA:83,0
DA:84,0
DA:85,0
DA:88,0
DA:89,0
DA:91,0
DA:99,1
DA:100,0
DA:102,0
DA:105,0
DA:106,0
DA:114,0
DA:116,0
DA:117,0
DA:126,0
DA:137,1
DA:138,0
DA:139,0
DA:140,0
DA:142,0
DA:148,1
DA:149,0
DA:150,0
DA:151,0
DA:155,0
DA:156,0
DA:157,0
DA:158,0
DA:159,0
DA:160,0
DA:161,0
DA:164,0
DA:165,0
DA:166,0
DA:168,0
DA:173,0
DA:174,0
DA:177,0
DA:178,0
DA:180,0
DA:182,0
DA:198,1
DA:199,0
DA:200,0
DA:201,0
DA:205,0
DA:206,0
DA:210,0
DA:211,0
DA:214,0
DA:215,0
DA:216,0
LF:85
LH:7
BRDA:12,0,0,0
BRDA:12,0,1,0
BRDA:23,1,0,0
BRDA:23,1,1,0
BRDA:29,2,0,0
BRDA:29,2,1,0
BRDA:34,3,0,0
BRDA:34,3,1,0
BRDA:35,4,0,0
BRDA:35,4,1,0
BRDA:36,5,0,0
BRDA:36,5,1,0
BRDA:39,6,0,0
BRDA:39,6,1,0
BRDA:41,7,0,0
BRDA:41,7,1,0
BRDA:70,8,0,0
BRDA:70,8,1,0
BRDA:70,9,0,0
BRDA:70,9,1,0
BRDA:74,10,0,0
BRDA:74,10,1,0
BRDA:79,11,0,0
BRDA:79,11,1,0
BRDA:84,12,0,0
BRDA:84,12,1,0
BRDA:100,13,0,0
BRDA:100,14,0,0
BRDA:105,15,0,0
BRDA:105,15,1,0
BRDA:114,16,0,0
BRDA:114,16,1,0
BRDA:139,17,0,0
BRDA:139,17,1,0
BRDA:150,18,0,0
BRDA:150,18,1,0
BRDA:155,19,0,0
BRDA:155,19,1,0
BRDA:156,20,0,0
BRDA:156,20,1,0
BRDA:157,21,0,0
BRDA:157,21,1,0
BRDA:158,22,0,0
BRDA:158,22,1,0
BRDA:159,23,0,0
BRDA:159,23,1,0
BRDA:160,24,0,0
BRDA:160,24,1,0
BRDA:161,25,0,0
BRDA:161,25,1,0
BRDA:164,26,0,0
BRDA:164,26,1,0
BRDA:166,27,0,0
BRDA:166,27,1,0
BRDA:173,28,0,0
BRDA:173,28,1,0
BRDA:200,29,0,0
BRDA:200,29,1,0
BRDA:205,30,0,0
BRDA:205,30,1,0
BRDA:210,31,0,0
BRDA:210,31,1,0
BRF:62
BRH:0
end_of_record
TN:
SF:src\modules\user\user.model.js
FN:32,(anonymous_0)
FN:37,(anonymous_1)
FNF:2
FNH:2
FNDA:2,(anonymous_0)
FNDA:2,(anonymous_1)
DA:4,1
DA:27,1
DA:28,1
DA:32,1
DA:33,2
DA:34,1
DA:37,1
DA:38,2
LF:8
LH:8
BRDA:33,0,0,1
BRDA:33,0,1,1
BRDA:33,1,0,2
BRDA:33,1,1,2
BRDA:41,2,0,1
BRDA:41,2,1,1
BRF:6
BRH:6
end_of_record
TN:
SF:src\modules\user\user.routes.js
FNF:0
FNH:0
DA:15,1
DA:18,1
DA:19,1
DA:20,1
DA:23,1
DA:24,1
DA:25,1
DA:26,1
LF:8
LH:8
BRF:0
BRH:0
end_of_record
TN:
SF:src\modules\wishlist\wishlist.controller.js
FN:13,(anonymous_0)
FN:29,(anonymous_1)
FN:43,(anonymous_2)
FN:55,(anonymous_3)
FN:63,(anonymous_4)
FN:71,(anonymous_5)
FN:81,(anonymous_6)
FN:95,(anonymous_7)
FN:97,(anonymous_8)
FNF:9
FNH:0
FNDA:0,(anonymous_0)
FNDA:0,(anonymous_1)
FNDA:0,(anonymous_2)
FNDA:0,(anonymous_3)
FNDA:0,(anonymous_4)
FNDA:0,(anonymous_5)
FNDA:0,(anonymous_6)
FNDA:0,(anonymous_7)
FNDA:0,(anonymous_8)
DA:6,1
DA:13,1
DA:14,0
DA:15,0
DA:17,0
DA:19,0
DA:22,0
DA:23,0
DA:26,0
DA:29,1
DA:30,0
DA:31,0
DA:33,0
DA:34,0
DA:36,0
DA:37,0
DA:38,0
DA:42,0
DA:43,0
DA:46,0
DA:47,0
DA:48,0
DA:51,0
DA:52,0
DA:55,1
DA:56,0
DA:57,0
DA:59,0
DA:60,0
DA:62,0
DA:63,0
DA:66,0
DA:67,0
DA:68,0
DA:71,1
DA:72,0
DA:73,0
DA:74,0
DA:75,0
DA:76,0
DA:78,0
DA:81,1
DA:82,0
DA:83,0
DA:85,0
DA:86,0
DA:89,0
DA:90,0
DA:91,0
DA:95,0
DA:96,0
DA:97,0
DA:99,0
DA:100,0
DA:104,0
DA:105,0
DA:107,0
LF:57
LH:6
BRDA:14,0,0,0
BRDA:14,0,1,0
BRDA:17,1,0,0
BRDA:17,1,1,0
BRDA:22,2,0,0
BRDA:22,2,1,0
BRDA:31,3,0,0
BRDA:31,3,1,0
BRDA:34,4,0,0
BRDA:34,4,1,0
BRDA:37,5,0,0
BRDA:37,5,1,0
BRDA:46,6,0,0
BRDA:46,6,1,0
BRDA:57,7,0,0
BRDA:57,7,1,0
BRDA:60,8,0,0
BRDA:60,8,1,0
BRDA:72,9,0,0
BRDA:72,9,1,0
BRDA:74,10,0,0
BRDA:74,10,1,0
BRDA:83,11,0,0
BRDA:83,11,1,0
BRDA:85,12,0,0
BRDA:85,12,1,0
BRDA:90,13,0,0
BRDA:90,13,1,0
BRDA:99,14,0,0
BRDA:99,14,1,0
BRF:30
BRH:0
end_of_record
TN:
SF:src\modules\wishlist\wishlist.model.js
FNF:0
FNH:0
DA:3,1
LF:1
LH:1
BRF:0
BRH:0
end_of_record
TN:
SF:src\modules\wishlist\wishlist.routes.js
FNF:0
FNH:0
DA:11,1
DA:14,1
DA:16,1
DA:18,1
DA:22,1
DA:23,1
LF:6
LH:6
BRF:0
BRH:0
end_of_record
TN:
SF:src\services\bkash.service.js
FN:5,(anonymous_0)
FN:18,(anonymous_1)
FN:46,(anonymous_2)
FNF:3
FNH:0
FNDA:0,(anonymous_0)
FNDA:0,(anonymous_1)
FNDA:0,(anonymous_2)
DA:6,0
DA:7,0
DA:11,0
DA:13,0
DA:14,0
DA:19,0
DA:20,0
DA:29,0
DA:30,0
DA:36,0
DA:41,0
DA:42,0
DA:47,0
DA:48,0
DA:49,0
DA:57,0
DA:59,0
DA:60,0
LF:18
LH:0
BRDA:13,0,0,0
BRDA:13,0,1,0
BRDA:41,1,0,0
BRDA:41,1,1,0
BRDA:59,2,0,0
BRDA:59,2,1,0
BRF:6
BRH:0
end_of_record
TN:
SF:src\services\email.service.js
FN:6,(anonymous_0)
FN:32,(anonymous_1)
FN:40,(anonymous_2)
FN:45,(anonymous_3)
FN:66,(anonymous_4)
FN:88,(anonymous_5)
FN:93,(anonymous_6)
FN:154,(anonymous_7)
FNF:8
FNH:4
FNDA:1,(anonymous_0)
FNDA:1,(anonymous_1)
FNDA:1,(anonymous_2)
FNDA:1,(anonymous_3)
FNDA:0,(anonymous_4)
FNDA:0,(anonymous_5)
FNDA:0,(anonymous_6)
FNDA:0,(anonymous_7)
DA:6,1
DA:7,1
DA:8,1
DA:10,1
DA:21,0
DA:32,1
DA:33,1
DA:34,1
DA:35,0
DA:37,1
DA:40,1
DA:41,1
DA:42,1
DA:45,1
DA:46,1
DA:47,1
DA:48,1
DA:50,1
DA:66,1
DA:67,0
DA:68,0
DA:69,0
DA:71,0
DA:88,1
DA:89,0
DA:90,0
DA:91,0
DA:93,0
DA:100,0
DA:154,1
DA:155,0
DA:156,0
DA:157,0
DA:159,0
LF:34
LH:19
BRDA:8,0,0,1
BRDA:8,0,1,0
BRDA:8,1,0,1
BRDA:8,1,1,0
BRDA:34,2,0,0
BRDA:34,2,1,1
BRDA:34,3,0,1
BRDA:34,3,1,0
BRDA:34,3,2,0
BRDA:42,4,0,1
BRDA:42,4,1,1
BRDA:129,5,0,0
BRDA:129,5,1,0
BRF:13
BRH:6
end_of_record
TN:
SF:src\services\imageUploadService.js
FN:33,(anonymous_0)
FN:84,(anonymous_1)
FN:94,(anonymous_2)
FN:95,(anonymous_3)
FN:107,(anonymous_4)
FN:122,(anonymous_5)
FN:138,(anonymous_6)
FN:177,(anonymous_7)
FN:215,(anonymous_8)
FN:216,(anonymous_9)
FN:259,(anonymous_10)
FN:263,(anonymous_11)
FN:266,(anonymous_12)
FNF:13
FNH:0
FNDA:0,(anonymous_0)
FNDA:0,(anonymous_1)
FNDA:0,(anonymous_2)
FNDA:0,(anonymous_3)
FNDA:0,(anonymous_4)
FNDA:0,(anonymous_5)
FNDA:0,(anonymous_6)
FNDA:0,(anonymous_7)
FNDA:0,(anonymous_8)
FNDA:0,(anonymous_9)
FNDA:0,(anonymous_10)
FNDA:0,(anonymous_11)
FNDA:0,(anonymous_12)
DA:9,1
DA:10,1
DA:12,1
DA:15,1
DA:17,1
DA:18,0
DA:21,1
DA:29,1
DA:30,1
DA:31,1
DA:33,1
DA:34,0
DA:35,0
DA:36,0
DA:39,0
DA:40,0
DA:41,0
DA:43,0
DA:44,0
DA:45,0
DA:46,0
DA:47,0
DA:50,0
DA:51,0
DA:52,0
DA:54,0
DA:55,0
DA:56,0
DA:57,0
DA:59,0
DA:60,0
DA:61,0
DA:63,0
DA:64,0
DA:65,0
DA:69,0
DA:70,0
DA:71,0
DA:73,0
DA:74,0
DA:84,1
DA:85,0
DA:86,0
DA:89,1
DA:94,1
DA:95,0
DA:96,0
DA:102,0
DA:108,0
DA:109,0
DA:110,0
DA:112,0
DA:115,0
DA:122,1
DA:123,0
DA:124,0
DA:125,0
DA:127,0
DA:129,0
DA:130,0
DA:132,0
DA:138,1
DA:139,0
DA:141,0
DA:143,0
DA:144,0
DA:145,0
DA:146,0
DA:147,0
DA:148,0
DA:150,0
DA:156,0
DA:157,0
DA:159,0
DA:161,0
DA:162,0
DA:163,0
DA:164,0
DA:165,0
DA:166,0
DA:167,0
DA:169,0
DA:177,1
DA:178,0
DA:180,0
DA:182,0
DA:183,0
DA:185,0
DA:186,0
DA:187,0
DA:189,0
DA:190,0
DA:192,0
DA:193,0
DA:194,0
DA:195,0
DA:196,0
DA:198,0
DA:199,0
DA:201,0
DA:203,0
DA:204,0
DA:205,0
DA:206,0
DA:208,0
DA:209,0
DA:211,0
DA:212,0
DA:215,0
DA:216,0
DA:218,0
DA:222,0
DA:223,0
DA:225,0
DA:227,0
DA:228,0
DA:229,0
DA:232,0
DA:234,0
DA:235,0
DA:238,0
DA:241,0
DA:242,0
DA:244,0
DA:247,0
DA:249,0
DA:250,0
DA:252,0
DA:259,1
DA:260,0
DA:262,0
DA:263,0
DA:266,0
DA:267,0
LF:134
LH:17
BRDA:12,0,0,1
BRDA:12,0,1,0
BRDA:15,1,0,1
BRDA:15,1,1,0
BRDA:17,2,0,0
BRDA:17,2,1,1
BRDA:17,3,0,1
BRDA:17,3,1,1
BRDA:17,3,2,1
BRDA:35,4,0,0
BRDA:35,4,1,0
BRDA:35,5,0,0
BRDA:35,5,1,0
BRDA:44,6,0,0
BRDA:44,6,1,0
BRDA:44,7,0,0
BRDA:44,7,1,0
BRDA:44,7,2,0
BRDA:45,8,0,0
BRDA:45,8,1,0
BRDA:46,9,0,0
BRDA:46,9,1,0
BRDA:47,10,0,0
BRDA:47,10,1,0
BRDA:54,11,0,0
BRDA:54,11,1,0
BRDA:55,12,0,0
BRDA:55,12,1,0
BRDA:57,13,0,0
BRDA:57,13,1,0
BRDA:59,14,0,0
BRDA:59,14,1,0
BRDA:61,15,0,0
BRDA:61,15,1,0
BRDA:63,16,0,0
BRDA:63,16,1,0
BRDA:65,17,0,0
BRDA:65,17,1,0
BRDA:75,18,0,0
BRDA:75,18,1,0
BRDA:75,19,0,0
BRDA:75,19,1,0
BRDA:108,20,0,0
BRDA:108,20,1,0
BRDA:139,21,0,0
BRDA:139,21,1,0
BRDA:143,22,0,0
BRDA:143,22,1,0
BRDA:143,23,0,0
BRDA:143,23,1,0
BRDA:161,24,0,0
BRDA:161,24,1,0
BRDA:163,25,0,0
BRDA:163,25,1,0
BRDA:177,26,0,0
BRDA:178,27,0,0
BRDA:178,27,1,0
BRDA:178,28,0,0
BRDA:178,28,1,0
BRDA:180,29,0,0
BRDA:180,29,1,0
BRDA:186,30,0,0
BRDA:186,30,1,0
BRDA:192,31,0,0
BRDA:192,31,1,0
BRDA:192,32,0,0
BRDA:192,32,1,0
BRDA:222,33,0,0
BRDA:222,33,1,0
BRDA:222,33,2,0
BRDA:222,33,3,0
BRDA:222,33,4,0
BRDA:227,34,0,0
BRDA:227,34,1,0
BRDA:241,35,0,0
BRDA:241,35,1,0
BRDA:249,36,0,0
BRDA:249,36,1,0
BRDA:259,37,0,0
BRDA:260,38,0,0
BRDA:260,38,1,0
BRDA:260,39,0,0
BRDA:260,39,1,0
BRDA:262,40,0,0
BRDA:262,40,1,0
BRF:85
BRH:6
end_of_record
TN:
SF:src\services\pathao.service.js
FN:5,(anonymous_0)
FN:9,(anonymous_1)
FN:13,(anonymous_2)
FN:45,(anonymous_3)
FN:73,(anonymous_4)
FNF:5
FNH:0
FNDA:0,(anonymous_0)
FNDA:0,(anonymous_1)
FNDA:0,(anonymous_2)
FNDA:0,(anonymous_3)
FNDA:0,(anonymous_4)
DA:6,0
DA:10,0
DA:14,0
DA:16,0
DA:17,0
DA:18,0
DA:21,0
DA:23,0
DA:24,0
DA:32,0
DA:33,0
DA:35,0
DA:36,0
DA:38,0
DA:40,0
DA:41,0
DA:46,0
DA:47,0
DA:49,0
DA:50,0
DA:55,0
DA:57,0
DA:58,0
DA:59,0
DA:66,0
DA:68,0
DA:69,0
DA:74,0
DA:75,0
DA:77,0
DA:78,0
DA:85,0
DA:87,0
DA:88,0
LF:34
LH:0
BRDA:6,0,0,0
BRDA:6,0,1,0
BRDA:10,1,0,0
BRDA:10,1,1,0
BRDA:16,2,0,0
BRDA:16,2,1,0
BRDA:18,3,0,0
BRDA:18,3,1,0
BRDA:33,4,0,0
BRDA:33,4,1,0
BRDA:35,5,0,0
BRDA:35,5,1,0
BRDA:40,6,0,0
BRDA:40,6,1,0
BRDA:41,7,0,0
BRDA:41,7,1,0
BRDA:57,8,0,0
BRDA:57,8,1,0
BRDA:57,9,0,0
BRDA:57,9,1,0
BRDA:87,10,0,0
BRDA:87,10,1,0
BRDA:88,11,0,0
BRDA:88,11,1,0
BRF:24
BRH:0
end_of_record
TN:
SF:src\services\tracking\multiPlatformCapiService.js
FN:8,(anonymous_0)
FN:16,(anonymous_1)
FN:57,(anonymous_2)
FN:74,(anonymous_3)
FN:93,(anonymous_4)
FN:124,(anonymous_5)
FNF:6
FNH:0
FNDA:0,(anonymous_0)
FNDA:0,(anonymous_1)
FNDA:0,(anonymous_2)
FNDA:0,(anonymous_3)
FNDA:0,(anonymous_4)
FNDA:0,(anonymous_5)
DA:8,1
DA:9,0
DA:10,0
DA:16,1
DA:17,0
DA:32,0
DA:45,0
DA:47,0
DA:57,1
DA:58,0
DA:74,0
DA:80,0
DA:93,1
DA:94,0
DA:95,0
DA:97,0
DA:98,0
DA:99,0
DA:100,0
DA:101,0
DA:104,0
DA:105,0
DA:114,0
DA:115,0
DA:122,0
DA:123,0
DA:124,0
DA:126,0
LF:28
LH:4
BRDA:9,0,0,0
BRDA:9,0,1,0
BRDA:45,1,0,0
BRDA:45,1,1,0
BRDA:76,2,0,0
BRDA:76,2,1,0
BRDA:97,3,0,0
BRDA:97,3,1,0
BRDA:98,4,0,0
BRDA:98,4,1,0
BRDA:99,5,0,0
BRDA:99,5,1,0
BRDA:100,6,0,0
BRDA:100,6,1,0
BRDA:101,7,0,0
BRDA:101,7,1,0
BRDA:104,8,0,0
BRDA:104,8,1,0
BRDA:104,9,0,0
BRDA:104,9,1,0
BRDA:114,10,0,0
BRDA:114,10,1,0
BRDA:114,11,0,0
BRDA:114,11,1,0
BRF:24
BRH:0
end_of_record
TN:
SF:src\utils\encryption.js
FN:10,(anonymous_0)
FN:27,(anonymous_1)
FNF:2
FNH:0
FNDA:0,(anonymous_0)
FNDA:0,(anonymous_1)
DA:3,1
DA:4,1
DA:5,1
DA:10,1
DA:11,0
DA:12,0
DA:13,0
DA:14,0
DA:15,0
DA:16,0
DA:17,0
DA:19,0
DA:20,0
DA:27,1
DA:28,0
DA:29,0
DA:30,0
DA:31,0
DA:32,0
DA:33,0
DA:34,0
DA:35,0
DA:36,0
DA:38,0
DA:39,0
LF:25
LH:5
BRDA:4,0,0,1
BRDA:4,0,1,1
BRDA:11,1,0,0
BRDA:11,1,1,0
BRDA:28,2,0,0
BRDA:28,2,1,0
BRDA:28,3,0,0
BRDA:28,3,1,0
BRF:8
BRH:2
end_of_record
TN:
SF:src\utils\logger.js
FN:6,(anonymous_0)
FNF:1
FNH:0
FNDA:0,(anonymous_0)
DA:3,1
DA:6,1
DA:7,0
DA:10,1
DA:35,1
DA:36,1
LF:6
LH:5
BRDA:7,0,0,0
BRDA:7,0,1,0
BRDA:11,1,0,1
BRDA:11,1,1,1
BRDA:35,2,0,1
BRDA:35,2,1,0
BRF:6
BRH:3
end_of_record
TN:
SF:src\utils\responseHandler.js
FN:2,(anonymous_0)
FN:16,(anonymous_1)
FN:25,(anonymous_2)
FNF:3
FNH:0
FNDA:0,(anonymous_0)
FNDA:0,(anonymous_1)
FNDA:0,(anonymous_2)
DA:3,0
DA:4,0
DA:5,0
DA:6,0
DA:8,0
DA:9,0
DA:11,0
DA:16,1
DA:17,0
DA:25,1
DA:26,0
LF:11
LH:2
BRDA:2,0,0,0
BRDA:2,1,0,0
BRDA:8,2,0,0
BRDA:8,2,1,0
BRDA:16,3,0,0
BRDA:25,4,0,0
BRDA:29,5,0,0
BRDA:29,5,1,0
BRF:8
BRH:0
end_of_record
